{"timestamp":"2025-10-11T22:47:51.351715Z","level":"info","event":"DAG bundles loaded: dags-folder, example_dags","logger":"airflow.dag_processing.bundles.manager.DagBundlesManager","filename":"manager.py","lineno":179}
{"timestamp":"2025-10-11T22:47:51.353252Z","level":"info","event":"Filling up the DagBag from /opt/airflow/dags/olist_production_dag.py","logger":"airflow.models.dagbag.DagBag","filename":"dagbag.py","lineno":593}
{"timestamp":"2025-10-11T22:47:51.520066Z","level":"info","event":"Task instance is in running state","logger":"task.stdout"}
{"timestamp":"2025-10-11T22:47:51.520672Z","level":"info","event":" Previous state of the Task instance: TaskInstanceState.QUEUED","logger":"task.stdout"}
{"timestamp":"2025-10-11T22:47:51.521287Z","level":"info","event":"Current task name:intermediate_layer.run_int_customer_lifetime_value","logger":"task.stdout"}
{"timestamp":"2025-10-11T22:47:51.522007Z","level":"info","event":"Dag name:olist_production_pipeline","logger":"task.stdout"}
{"timestamp":"2025-10-11T22:47:51.521038Z","level":"info","event":"Tmp dir root location: /tmp","logger":"airflow.task.hooks.airflow.providers.standard.hooks.subprocess.SubprocessHook","filename":"subprocess.py","lineno":78}
{"timestamp":"2025-10-11T22:47:51.522261Z","level":"info","event":"Running command: ['/usr/bin/bash', '-c', '\\n        export PATH=/home/airflow/.local/bin:$PATH &&\\n        cd /opt/airflow/dags/olist_dbt_transformation &&\\n        dbt run --select int_customer_lifetime_value --profiles-dir . --project-dir . --target prod\\n        ']","logger":"airflow.task.hooks.airflow.providers.standard.hooks.subprocess.SubprocessHook","filename":"subprocess.py","lineno":88}
{"timestamp":"2025-10-11T22:47:51.537296Z","level":"info","event":"Output:","logger":"airflow.task.hooks.airflow.providers.standard.hooks.subprocess.SubprocessHook","filename":"subprocess.py","lineno":99}
{"timestamp":"2025-10-11T22:47:55.446355Z","level":"info","event":"\u001b[0m22:47:55  Running with dbt=1.10.13","logger":"airflow.task.hooks.airflow.providers.standard.hooks.subprocess.SubprocessHook","filename":"subprocess.py","lineno":106}
{"timestamp":"2025-10-11T22:47:57.040226Z","level":"info","event":"\u001b[0m22:47:57  Registered adapter: snowflake=1.10.2","logger":"airflow.task.hooks.airflow.providers.standard.hooks.subprocess.SubprocessHook","filename":"subprocess.py","lineno":106}
{"timestamp":"2025-10-11T22:48:10.133057Z","level":"info","event":"\u001b[0m22:48:10  [\u001b[33mWARNING\u001b[0m]: Configuration paths exist in your dbt_project.yml file which do not apply to any resources.","logger":"airflow.task.hooks.airflow.providers.standard.hooks.subprocess.SubprocessHook","filename":"subprocess.py","lineno":106}
{"timestamp":"2025-10-11T22:48:10.133363Z","level":"info","event":"There are 9 unused configuration paths:","logger":"airflow.task.hooks.airflow.providers.standard.hooks.subprocess.SubprocessHook","filename":"subprocess.py","lineno":106}
{"timestamp":"2025-10-11T22:48:10.133553Z","level":"info","event":"- models.olist_dbt_transformation.marts.operations.mart_seller_management","logger":"airflow.task.hooks.airflow.providers.standard.hooks.subprocess.SubprocessHook","filename":"subprocess.py","lineno":106}
{"timestamp":"2025-10-11T22:48:10.133722Z","level":"info","event":"- models.olist_dbt_transformation.marts.finance.marts_payment_method_performance","logger":"airflow.task.hooks.airflow.providers.standard.hooks.subprocess.SubprocessHook","filename":"subprocess.py","lineno":106}
{"timestamp":"2025-10-11T22:48:10.133892Z","level":"info","event":"- models.olist_dbt_transformation.marts.finance.marts_unit_economics","logger":"airflow.task.hooks.airflow.providers.standard.hooks.subprocess.SubprocessHook","filename":"subprocess.py","lineno":106}
{"timestamp":"2025-10-11T22:48:10.134058Z","level":"info","event":"- models.olist_dbt_transformation.marts.operations.mart_fraud_monitoring","logger":"airflow.task.hooks.airflow.providers.standard.hooks.subprocess.SubprocessHook","filename":"subprocess.py","lineno":106}
{"timestamp":"2025-10-11T22:48:10.134188Z","level":"info","event":"- models.olist_dbt_transformation.marts.operations.mart_logistics_performance","logger":"airflow.task.hooks.airflow.providers.standard.hooks.subprocess.SubprocessHook","filename":"subprocess.py","lineno":106}
{"timestamp":"2025-10-11T22:48:10.134285Z","level":"info","event":"- seeds.olist_analytics","logger":"airflow.task.hooks.airflow.providers.standard.hooks.subprocess.SubprocessHook","filename":"subprocess.py","lineno":106}
{"timestamp":"2025-10-11T22:48:10.134421Z","level":"info","event":"- data_tests.olist_dbt_transformation.generic.expect_foreign_key_relationships_with_context","logger":"airflow.task.hooks.airflow.providers.standard.hooks.subprocess.SubprocessHook","filename":"subprocess.py","lineno":106}
{"timestamp":"2025-10-11T22:48:10.134636Z","level":"info","event":"- data_tests.olist_dbt_transformation.generic.expect_z_score_within","logger":"airflow.task.hooks.airflow.providers.standard.hooks.subprocess.SubprocessHook","filename":"subprocess.py","lineno":106}
{"timestamp":"2025-10-11T22:48:10.134753Z","level":"info","event":"- data_tests.olist_dbt_transformation.generic.expect_column_pair_values_A_to_be_smaller_than_B","logger":"airflow.task.hooks.airflow.providers.standard.hooks.subprocess.SubprocessHook","filename":"subprocess.py","lineno":106}
{"timestamp":"2025-10-11T22:48:11.120143Z","level":"info","event":"\u001b[0m22:48:11  Found 21 models, 3 snapshots, 1 analysis, 3 operations, 113 data tests, 8 sources, 905 macros","logger":"airflow.task.hooks.airflow.providers.standard.hooks.subprocess.SubprocessHook","filename":"subprocess.py","lineno":106}
{"timestamp":"2025-10-11T22:48:11.129381Z","level":"info","event":"\u001b[0m22:48:11","logger":"airflow.task.hooks.airflow.providers.standard.hooks.subprocess.SubprocessHook","filename":"subprocess.py","lineno":106}
{"timestamp":"2025-10-11T22:48:11.132904Z","level":"info","event":"\u001b[0m22:48:11  Concurrency: 8 threads (target='prod')","logger":"airflow.task.hooks.airflow.providers.standard.hooks.subprocess.SubprocessHook","filename":"subprocess.py","lineno":106}
{"timestamp":"2025-10-11T22:48:11.135099Z","level":"info","event":"\u001b[0m22:48:11","logger":"airflow.task.hooks.airflow.providers.standard.hooks.subprocess.SubprocessHook","filename":"subprocess.py","lineno":106}
{"timestamp":"2025-10-11T22:48:15.793773Z","level":"info","event":"\u001b[0m22:48:15  === Starting dbt run in {'account': 'JVQRMFM-GKB40702', 'user': 'sathishthandhari', 'database': 'olist_prod', 'warehouse': 'projects', 'role': 'accountadmin', 'schema': 'staging', 'authenticator': None, 'oauth_client_id': None, 'query_tag': None, 'client_session_keep_alive': False, 'host': None, 'port': None, 'proxy_host': None, 'proxy_port': None, 'protocol': None, 'connect_retries': 1, 'connect_timeout': None, 'retry_on_database_errors': False, 'retry_all': False, 'insecure_mode': False, 'reuse_connections': True, 's3_stage_vpce_dns_name': None, 'type': 'snowflake', 'threads': 8, 'name': 'prod', 'target_name': 'prod', 'profile_name': 'olist_dbt_transformation'} environment ===","logger":"airflow.task.hooks.airflow.providers.standard.hooks.subprocess.SubprocessHook","filename":"subprocess.py","lineno":106}
{"timestamp":"2025-10-11T22:48:15.800795Z","level":"info","event":"\u001b[0m22:48:15  1 of 2 START hook: olist_dbt_transformation.on-run-start.0 ..................... [RUN]","logger":"airflow.task.hooks.airflow.providers.standard.hooks.subprocess.SubprocessHook","filename":"subprocess.py","lineno":106}
{"timestamp":"2025-10-11T22:48:15.802085Z","level":"info","event":"\u001b[0m22:48:15  1 of 2 OK hook: olist_dbt_transformation.on-run-start.0 ........................ [\u001b[32mOK\u001b[0m in 0.02s]","logger":"airflow.task.hooks.airflow.providers.standard.hooks.subprocess.SubprocessHook","filename":"subprocess.py","lineno":106}
{"timestamp":"2025-10-11T22:48:15.809510Z","level":"info","event":"\u001b[0m22:48:15  Production run: processing full datasets","logger":"airflow.task.hooks.airflow.providers.standard.hooks.subprocess.SubprocessHook","filename":"subprocess.py","lineno":106}
{"timestamp":"2025-10-11T22:48:15.820486Z","level":"info","event":"\u001b[0m22:48:15  2 of 2 START hook: olist_dbt_transformation.on-run-start.1 ..................... [RUN]","logger":"airflow.task.hooks.airflow.providers.standard.hooks.subprocess.SubprocessHook","filename":"subprocess.py","lineno":106}
{"timestamp":"2025-10-11T22:48:15.821866Z","level":"info","event":"\u001b[0m22:48:15  2 of 2 OK hook: olist_dbt_transformation.on-run-start.1 ........................ [\u001b[32mOK\u001b[0m in 0.02s]","logger":"airflow.task.hooks.airflow.providers.standard.hooks.subprocess.SubprocessHook","filename":"subprocess.py","lineno":106}
{"timestamp":"2025-10-11T22:48:15.822769Z","level":"info","event":"\u001b[0m22:48:15","logger":"airflow.task.hooks.airflow.providers.standard.hooks.subprocess.SubprocessHook","filename":"subprocess.py","lineno":106}
{"timestamp":"2025-10-11T22:48:15.837515Z","level":"info","event":"\u001b[0m22:48:15  1 of 1 START sql incremental model dbt_olist_int.int_customer_lifetime_value ... [RUN]","logger":"airflow.task.hooks.airflow.providers.standard.hooks.subprocess.SubprocessHook","filename":"subprocess.py","lineno":106}
{"timestamp":"2025-10-11T22:48:16.788126Z","level":"info","event":"\u001b[0m22:48:16  Detected columns with numeric type and unspecified precision/scale, this can lead to unintended rounding: ['total_orders']`","logger":"airflow.task.hooks.airflow.providers.standard.hooks.subprocess.SubprocessHook","filename":"subprocess.py","lineno":106}
{"timestamp":"2025-10-11T22:48:21.912797Z","level":"info","event":"\u001b[0m22:48:21  1 of 1 OK created sql incremental model dbt_olist_int.int_customer_lifetime_value  [\u001b[32mSUCCESS 0\u001b[0m in 6.07s]","logger":"airflow.task.hooks.airflow.providers.standard.hooks.subprocess.SubprocessHook","filename":"subprocess.py","lineno":106}
{"timestamp":"2025-10-11T22:48:21.919328Z","level":"info","event":"\u001b[0m22:48:21","logger":"airflow.task.hooks.airflow.providers.standard.hooks.subprocess.SubprocessHook","filename":"subprocess.py","lineno":106}
{"timestamp":"2025-10-11T22:48:21.926434Z","level":"info","event":"\u001b[0m22:48:21  Completed run in {'account': 'JVQRMFM-GKB40702', 'user': 'sathishthandhari', 'database': 'olist_prod', 'warehouse': 'projects', 'role': 'accountadmin', 'schema': 'staging', 'authenticator': None, 'oauth_client_id': None, 'query_tag': None, 'client_session_keep_alive': False, 'host': None, 'port': None, 'proxy_host': None, 'proxy_port': None, 'protocol': None, 'connect_retries': 1, 'connect_timeout': None, 'retry_on_database_errors': False, 'retry_all': False, 'insecure_mode': False, 'reuse_connections': True, 's3_stage_vpce_dns_name': None, 'type': 'snowflake', 'threads': 8, 'name': 'prod', 'target_name': 'prod', 'profile_name': 'olist_dbt_transformation'} environment","logger":"airflow.task.hooks.airflow.providers.standard.hooks.subprocess.SubprocessHook","filename":"subprocess.py","lineno":106}
{"timestamp":"2025-10-11T22:48:21.928960Z","level":"info","event":"\u001b[0m22:48:21  1 of 1 START hook: olist_dbt_transformation.on-run-end.0 ....................... [RUN]","logger":"airflow.task.hooks.airflow.providers.standard.hooks.subprocess.SubprocessHook","filename":"subprocess.py","lineno":106}
{"timestamp":"2025-10-11T22:48:21.930806Z","level":"info","event":"\u001b[0m22:48:21  1 of 1 OK hook: olist_dbt_transformation.on-run-end.0 .......................... [\u001b[32mOK\u001b[0m in 0.01s]","logger":"airflow.task.hooks.airflow.providers.standard.hooks.subprocess.SubprocessHook","filename":"subprocess.py","lineno":106}
{"timestamp":"2025-10-11T22:48:25.082841Z","level":"info","event":"\u001b[0m22:48:25","logger":"airflow.task.hooks.airflow.providers.standard.hooks.subprocess.SubprocessHook","filename":"subprocess.py","lineno":106}
{"timestamp":"2025-10-11T22:48:25.083661Z","level":"info","event":"\u001b[0m22:48:25  Finished running 1 incremental model, 3 project hooks in 0 hours 0 minutes and 13.95 seconds (13.95s).","logger":"airflow.task.hooks.airflow.providers.standard.hooks.subprocess.SubprocessHook","filename":"subprocess.py","lineno":106}
{"timestamp":"2025-10-11T22:48:25.463724Z","level":"info","event":"\u001b[0m22:48:25","logger":"airflow.task.hooks.airflow.providers.standard.hooks.subprocess.SubprocessHook","filename":"subprocess.py","lineno":106}
{"timestamp":"2025-10-11T22:48:25.466164Z","level":"info","event":"\u001b[0m22:48:25  \u001b[32mCompleted successfully\u001b[0m","logger":"airflow.task.hooks.airflow.providers.standard.hooks.subprocess.SubprocessHook","filename":"subprocess.py","lineno":106}
{"timestamp":"2025-10-11T22:48:25.467652Z","level":"info","event":"\u001b[0m22:48:25","logger":"airflow.task.hooks.airflow.providers.standard.hooks.subprocess.SubprocessHook","filename":"subprocess.py","lineno":106}
{"timestamp":"2025-10-11T22:48:25.469576Z","level":"info","event":"\u001b[0m22:48:25  Done. PASS=4 WARN=0 ERROR=0 SKIP=0 NO-OP=0 TOTAL=4","logger":"airflow.task.hooks.airflow.providers.standard.hooks.subprocess.SubprocessHook","filename":"subprocess.py","lineno":106}
{"timestamp":"2025-10-11T22:48:27.178216Z","level":"info","event":"Command exited with return code 0","logger":"airflow.task.hooks.airflow.providers.standard.hooks.subprocess.SubprocessHook","filename":"subprocess.py","lineno":110}
{"timestamp":"2025-10-11T22:48:27.179876Z","level":"info","event":"Pushing xcom","ti":"RuntimeTaskInstance(id=UUID('0199d570-6ca2-7f81-b01e-674af8cc8546'), task_id='intermediate_layer.run_int_customer_lifetime_value', dag_id='olist_production_pipeline', run_id='manual__2025-10-11T22:36:21.874467+00:00', try_number=1, dag_version_id=UUID('0199d570-11dc-772d-9776-936fc2afa5b9'), map_index=-1, hostname='b1435fd4756a', context_carrier={}, task=<Task(BashOperator): intermediate_layer.run_int_customer_lifetime_value>, bundle_instance=LocalDagBundle(name=dags-folder), max_tries=2, start_date=datetime.datetime(2025, 10, 11, 22, 47, 50, 661968, tzinfo=datetime.timezone.utc), end_date=None, state=<TaskInstanceState.RUNNING: 'running'>, is_mapped=False, rendered_map_index=None)","logger":"task","filename":"task_runner.py","lineno":1352}
{"timestamp":"2025-10-11T22:48:27.229826Z","level":"info","event":"Task instance in success state","logger":"task.stdout"}
{"timestamp":"2025-10-11T22:48:27.230394Z","level":"info","event":" Previous state of the Task instance: TaskInstanceState.RUNNING","logger":"task.stdout"}
{"timestamp":"2025-10-11T22:48:27.230980Z","level":"info","event":"Task operator:<Task(BashOperator): intermediate_layer.run_int_customer_lifetime_value>","logger":"task.stdout"}
