{"timestamp":"2025-10-11T23:05:09.894789Z","level":"info","event":"DAG bundles loaded: dags-folder, example_dags","logger":"airflow.dag_processing.bundles.manager.DagBundlesManager","filename":"manager.py","lineno":179}
{"timestamp":"2025-10-11T23:05:09.903283Z","level":"info","event":"Filling up the DagBag from /opt/airflow/dags/olist_production_dag.py","logger":"airflow.models.dagbag.DagBag","filename":"dagbag.py","lineno":593}
{"timestamp":"2025-10-11T23:05:10.624753Z","level":"info","event":"Task instance is in running state","logger":"task.stdout"}
{"timestamp":"2025-10-11T23:05:10.628769Z","level":"info","event":" Previous state of the Task instance: TaskInstanceState.QUEUED","logger":"task.stdout"}
{"timestamp":"2025-10-11T23:05:10.629985Z","level":"info","event":"Current task name:staging_layer.run_stg_reviews","logger":"task.stdout"}
{"timestamp":"2025-10-11T23:05:10.631293Z","level":"info","event":"Dag name:olist_production_pipeline","logger":"task.stdout"}
{"timestamp":"2025-10-11T23:05:10.631779Z","level":"info","event":"Tmp dir root location: /tmp","logger":"airflow.task.hooks.airflow.providers.standard.hooks.subprocess.SubprocessHook","filename":"subprocess.py","lineno":78}
{"timestamp":"2025-10-11T23:05:10.637943Z","level":"info","event":"Running command: ['/usr/bin/bash', '-c', '\\n        export PATH=/home/airflow/.local/bin:$PATH &&\\n        cd /opt/airflow/dags/olist_dbt_transformation &&\\n        dbt run --select stg_reviews --profiles-dir . --project-dir . --target prod\\n        ']","logger":"airflow.task.hooks.airflow.providers.standard.hooks.subprocess.SubprocessHook","filename":"subprocess.py","lineno":88}
{"timestamp":"2025-10-11T23:05:10.677320Z","level":"info","event":"Output:","logger":"airflow.task.hooks.airflow.providers.standard.hooks.subprocess.SubprocessHook","filename":"subprocess.py","lineno":99}
{"timestamp":"2025-10-11T23:05:26.208603Z","level":"info","event":"\u001b[0m23:05:26  Running with dbt=1.10.13","logger":"airflow.task.hooks.airflow.providers.standard.hooks.subprocess.SubprocessHook","filename":"subprocess.py","lineno":106}
{"timestamp":"2025-10-11T23:05:35.527842Z","level":"info","event":"\u001b[0m23:05:35  Registered adapter: snowflake=1.10.2","logger":"airflow.task.hooks.airflow.providers.standard.hooks.subprocess.SubprocessHook","filename":"subprocess.py","lineno":106}
{"timestamp":"2025-10-11T23:05:42.638354Z","level":"info","event":"\u001b[0m23:05:42  Unable to do partial parsing because config vars, config profile, or config target have changed","logger":"airflow.task.hooks.airflow.providers.standard.hooks.subprocess.SubprocessHook","filename":"subprocess.py","lineno":106}
{"timestamp":"2025-10-11T23:05:42.651116Z","level":"info","event":"\u001b[0m23:05:42  Unable to do partial parsing because profile has changed","logger":"airflow.task.hooks.airflow.providers.standard.hooks.subprocess.SubprocessHook","filename":"subprocess.py","lineno":106}
{"timestamp":"2025-10-11T23:06:14.626358Z","level":"info","event":"\u001b[0m23:06:14  Running in PROD mode - using full data","logger":"airflow.task.hooks.airflow.providers.standard.hooks.subprocess.SubprocessHook","filename":"subprocess.py","lineno":106}
{"timestamp":"2025-10-11T23:06:14.737379Z","level":"info","event":"\u001b[0m23:06:14  Running in PROD mode - using full data","logger":"airflow.task.hooks.airflow.providers.standard.hooks.subprocess.SubprocessHook","filename":"subprocess.py","lineno":106}
{"timestamp":"2025-10-11T23:06:14.900927Z","level":"info","event":"\u001b[0m23:06:14  Running in PROD mode - using full data","logger":"airflow.task.hooks.airflow.providers.standard.hooks.subprocess.SubprocessHook","filename":"subprocess.py","lineno":106}
{"timestamp":"2025-10-11T23:06:14.959638Z","level":"info","event":"\u001b[0m23:06:14  Running in PROD mode - using full data","logger":"airflow.task.hooks.airflow.providers.standard.hooks.subprocess.SubprocessHook","filename":"subprocess.py","lineno":106}
{"timestamp":"2025-10-11T23:06:15.068636Z","level":"info","event":"\u001b[0m23:06:15  Running in PROD mode - using full data","logger":"airflow.task.hooks.airflow.providers.standard.hooks.subprocess.SubprocessHook","filename":"subprocess.py","lineno":106}
{"timestamp":"2025-10-11T23:06:15.114718Z","level":"info","event":"\u001b[0m23:06:15  Running in PROD mode - using full data","logger":"airflow.task.hooks.airflow.providers.standard.hooks.subprocess.SubprocessHook","filename":"subprocess.py","lineno":106}
{"timestamp":"2025-10-11T23:06:15.148472Z","level":"info","event":"\u001b[0m23:06:15  Running in PROD mode - using full data","logger":"airflow.task.hooks.airflow.providers.standard.hooks.subprocess.SubprocessHook","filename":"subprocess.py","lineno":106}
{"timestamp":"2025-10-11T23:06:15.291004Z","level":"info","event":"\u001b[0m23:06:15  Running in PROD mode - using full data","logger":"airflow.task.hooks.airflow.providers.standard.hooks.subprocess.SubprocessHook","filename":"subprocess.py","lineno":106}
{"timestamp":"2025-10-11T23:06:15.336574Z","level":"info","event":"\u001b[0m23:06:15  Running in PROD mode - using full data","logger":"airflow.task.hooks.airflow.providers.standard.hooks.subprocess.SubprocessHook","filename":"subprocess.py","lineno":106}
{"timestamp":"2025-10-11T23:06:19.859671Z","level":"info","event":"\u001b[0m23:06:19  === Starting dbt run in {'account': 'JVQRMFM-GKB40702', 'user': 'sathishthandhari', 'database': 'olist_prod', 'warehouse': 'projects', 'role': 'accountadmin', 'schema': 'staging', 'authenticator': None, 'oauth_client_id': None, 'query_tag': None, 'client_session_keep_alive': False, 'host': None, 'port': None, 'proxy_host': None, 'proxy_port': None, 'protocol': None, 'connect_retries': 1, 'connect_timeout': None, 'retry_on_database_errors': False, 'retry_all': False, 'insecure_mode': False, 'reuse_connections': True, 's3_stage_vpce_dns_name': None, 'type': 'snowflake', 'threads': 8, 'name': 'prod', 'target_name': 'prod', 'profile_name': 'olist_dbt_transformation'} environment ===","logger":"airflow.task.hooks.airflow.providers.standard.hooks.subprocess.SubprocessHook","filename":"subprocess.py","lineno":106}
{"timestamp":"2025-10-11T23:06:20.010422Z","level":"info","event":"\u001b[0m23:06:20  Production run: processing full datasets","logger":"airflow.task.hooks.airflow.providers.standard.hooks.subprocess.SubprocessHook","filename":"subprocess.py","lineno":106}
{"timestamp":"2025-10-11T23:06:20.042383Z","level":"info","event":"\u001b[0m23:06:20  Completed run in {'account': 'JVQRMFM-GKB40702', 'user': 'sathishthandhari', 'database': 'olist_prod', 'warehouse': 'projects', 'role': 'accountadmin', 'schema': 'staging', 'authenticator': None, 'oauth_client_id': None, 'query_tag': None, 'client_session_keep_alive': False, 'host': None, 'port': None, 'proxy_host': None, 'proxy_port': None, 'protocol': None, 'connect_retries': 1, 'connect_timeout': None, 'retry_on_database_errors': False, 'retry_all': False, 'insecure_mode': False, 'reuse_connections': True, 's3_stage_vpce_dns_name': None, 'type': 'snowflake', 'threads': 8, 'name': 'prod', 'target_name': 'prod', 'profile_name': 'olist_dbt_transformation'} environment","logger":"airflow.task.hooks.airflow.providers.standard.hooks.subprocess.SubprocessHook","filename":"subprocess.py","lineno":106}
{"timestamp":"2025-10-11T23:06:26.256452Z","level":"info","event":"\u001b[0m23:06:26  Running in PROD mode - using full data","logger":"airflow.task.hooks.airflow.providers.standard.hooks.subprocess.SubprocessHook","filename":"subprocess.py","lineno":106}
{"timestamp":"2025-10-11T23:06:26.392546Z","level":"info","event":"\u001b[0m23:06:26  Running in PROD mode - using full data","logger":"airflow.task.hooks.airflow.providers.standard.hooks.subprocess.SubprocessHook","filename":"subprocess.py","lineno":106}
{"timestamp":"2025-10-11T23:06:26.471650Z","level":"info","event":"\u001b[0m23:06:26  Running in PROD mode - using full data","logger":"airflow.task.hooks.airflow.providers.standard.hooks.subprocess.SubprocessHook","filename":"subprocess.py","lineno":106}
{"timestamp":"2025-10-11T23:06:26.579416Z","level":"info","event":"\u001b[0m23:06:26  Running in PROD mode - using full data","logger":"airflow.task.hooks.airflow.providers.standard.hooks.subprocess.SubprocessHook","filename":"subprocess.py","lineno":106}
{"timestamp":"2025-10-11T23:06:26.644252Z","level":"info","event":"\u001b[0m23:06:26  Running in PROD mode - using full data","logger":"airflow.task.hooks.airflow.providers.standard.hooks.subprocess.SubprocessHook","filename":"subprocess.py","lineno":106}
{"timestamp":"2025-10-11T23:06:26.750942Z","level":"info","event":"\u001b[0m23:06:26  Running in PROD mode - using full data","logger":"airflow.task.hooks.airflow.providers.standard.hooks.subprocess.SubprocessHook","filename":"subprocess.py","lineno":106}
{"timestamp":"2025-10-11T23:06:26.951453Z","level":"info","event":"\u001b[0m23:06:26  Running in PROD mode - using full data","logger":"airflow.task.hooks.airflow.providers.standard.hooks.subprocess.SubprocessHook","filename":"subprocess.py","lineno":106}
{"timestamp":"2025-10-11T23:06:27.037144Z","level":"info","event":"\u001b[0m23:06:27  Running in PROD mode - using full data","logger":"airflow.task.hooks.airflow.providers.standard.hooks.subprocess.SubprocessHook","filename":"subprocess.py","lineno":106}
{"timestamp":"2025-10-11T23:06:30.003748Z","level":"info","event":"\u001b[0m23:06:29  [\u001b[33mWARNING\u001b[0m]: Configuration paths exist in your dbt_project.yml file which do not apply to any resources.","logger":"airflow.task.hooks.airflow.providers.standard.hooks.subprocess.SubprocessHook","filename":"subprocess.py","lineno":106}
{"timestamp":"2025-10-11T23:06:30.004066Z","level":"info","event":"There are 9 unused configuration paths:","logger":"airflow.task.hooks.airflow.providers.standard.hooks.subprocess.SubprocessHook","filename":"subprocess.py","lineno":106}
{"timestamp":"2025-10-11T23:06:30.004262Z","level":"info","event":"- models.olist_dbt_transformation.marts.finance.marts_unit_economics","logger":"airflow.task.hooks.airflow.providers.standard.hooks.subprocess.SubprocessHook","filename":"subprocess.py","lineno":106}
{"timestamp":"2025-10-11T23:06:30.004383Z","level":"info","event":"- models.olist_dbt_transformation.marts.operations.mart_seller_management","logger":"airflow.task.hooks.airflow.providers.standard.hooks.subprocess.SubprocessHook","filename":"subprocess.py","lineno":106}
{"timestamp":"2025-10-11T23:06:30.004520Z","level":"info","event":"- models.olist_dbt_transformation.marts.operations.mart_logistics_performance","logger":"airflow.task.hooks.airflow.providers.standard.hooks.subprocess.SubprocessHook","filename":"subprocess.py","lineno":106}
{"timestamp":"2025-10-11T23:06:30.004638Z","level":"info","event":"- models.olist_dbt_transformation.marts.finance.marts_payment_method_performance","logger":"airflow.task.hooks.airflow.providers.standard.hooks.subprocess.SubprocessHook","filename":"subprocess.py","lineno":106}
{"timestamp":"2025-10-11T23:06:30.004770Z","level":"info","event":"- models.olist_dbt_transformation.marts.operations.mart_fraud_monitoring","logger":"airflow.task.hooks.airflow.providers.standard.hooks.subprocess.SubprocessHook","filename":"subprocess.py","lineno":106}
{"timestamp":"2025-10-11T23:06:30.004873Z","level":"info","event":"- seeds.olist_analytics","logger":"airflow.task.hooks.airflow.providers.standard.hooks.subprocess.SubprocessHook","filename":"subprocess.py","lineno":106}
{"timestamp":"2025-10-11T23:06:30.004954Z","level":"info","event":"- data_tests.olist_dbt_transformation.generic.expect_z_score_within","logger":"airflow.task.hooks.airflow.providers.standard.hooks.subprocess.SubprocessHook","filename":"subprocess.py","lineno":106}
{"timestamp":"2025-10-11T23:06:30.005033Z","level":"info","event":"- data_tests.olist_dbt_transformation.generic.expect_foreign_key_relationships_with_context","logger":"airflow.task.hooks.airflow.providers.standard.hooks.subprocess.SubprocessHook","filename":"subprocess.py","lineno":106}
{"timestamp":"2025-10-11T23:06:30.005141Z","level":"info","event":"- data_tests.olist_dbt_transformation.generic.expect_column_pair_values_A_to_be_smaller_than_B","logger":"airflow.task.hooks.airflow.providers.standard.hooks.subprocess.SubprocessHook","filename":"subprocess.py","lineno":106}
{"timestamp":"2025-10-11T23:06:33.623952Z","level":"info","event":"\u001b[0m23:06:33  Found 21 models, 3 snapshots, 1 analysis, 3 operations, 113 data tests, 8 sources, 905 macros","logger":"airflow.task.hooks.airflow.providers.standard.hooks.subprocess.SubprocessHook","filename":"subprocess.py","lineno":106}
{"timestamp":"2025-10-11T23:06:33.650589Z","level":"info","event":"\u001b[0m23:06:33","logger":"airflow.task.hooks.airflow.providers.standard.hooks.subprocess.SubprocessHook","filename":"subprocess.py","lineno":106}
{"timestamp":"2025-10-11T23:06:33.659899Z","level":"info","event":"\u001b[0m23:06:33  Concurrency: 8 threads (target='prod')","logger":"airflow.task.hooks.airflow.providers.standard.hooks.subprocess.SubprocessHook","filename":"subprocess.py","lineno":106}
{"timestamp":"2025-10-11T23:06:33.661251Z","level":"info","event":"\u001b[0m23:06:33","logger":"airflow.task.hooks.airflow.providers.standard.hooks.subprocess.SubprocessHook","filename":"subprocess.py","lineno":106}
{"timestamp":"2025-10-11T23:06:51.134056Z","level":"info","event":"\u001b[0m23:06:51  === Starting dbt run in {'account': 'JVQRMFM-GKB40702', 'user': 'sathishthandhari', 'database': 'olist_prod', 'warehouse': 'projects', 'role': 'accountadmin', 'schema': 'staging', 'authenticator': None, 'oauth_client_id': None, 'query_tag': None, 'client_session_keep_alive': False, 'host': None, 'port': None, 'proxy_host': None, 'proxy_port': None, 'protocol': None, 'connect_retries': 1, 'connect_timeout': None, 'retry_on_database_errors': False, 'retry_all': False, 'insecure_mode': False, 'reuse_connections': True, 's3_stage_vpce_dns_name': None, 'type': 'snowflake', 'threads': 8, 'name': 'prod', 'target_name': 'prod', 'profile_name': 'olist_dbt_transformation'} environment ===","logger":"airflow.task.hooks.airflow.providers.standard.hooks.subprocess.SubprocessHook","filename":"subprocess.py","lineno":106}
{"timestamp":"2025-10-11T23:06:51.162738Z","level":"info","event":"\u001b[0m23:06:51  1 of 2 START hook: olist_dbt_transformation.on-run-start.0 ..................... [RUN]","logger":"airflow.task.hooks.airflow.providers.standard.hooks.subprocess.SubprocessHook","filename":"subprocess.py","lineno":106}
{"timestamp":"2025-10-11T23:06:51.164531Z","level":"info","event":"\u001b[0m23:06:51  1 of 2 OK hook: olist_dbt_transformation.on-run-start.0 ........................ [\u001b[32mOK\u001b[0m in 0.13s]","logger":"airflow.task.hooks.airflow.providers.standard.hooks.subprocess.SubprocessHook","filename":"subprocess.py","lineno":106}
{"timestamp":"2025-10-11T23:06:51.191224Z","level":"info","event":"\u001b[0m23:06:51  Production run: processing full datasets","logger":"airflow.task.hooks.airflow.providers.standard.hooks.subprocess.SubprocessHook","filename":"subprocess.py","lineno":106}
{"timestamp":"2025-10-11T23:06:51.211943Z","level":"info","event":"\u001b[0m23:06:51  2 of 2 START hook: olist_dbt_transformation.on-run-start.1 ..................... [RUN]","logger":"airflow.task.hooks.airflow.providers.standard.hooks.subprocess.SubprocessHook","filename":"subprocess.py","lineno":106}
{"timestamp":"2025-10-11T23:06:51.217585Z","level":"info","event":"\u001b[0m23:06:51  2 of 2 OK hook: olist_dbt_transformation.on-run-start.1 ........................ [\u001b[32mOK\u001b[0m in 0.04s]","logger":"airflow.task.hooks.airflow.providers.standard.hooks.subprocess.SubprocessHook","filename":"subprocess.py","lineno":106}
{"timestamp":"2025-10-11T23:06:51.220571Z","level":"info","event":"\u001b[0m23:06:51","logger":"airflow.task.hooks.airflow.providers.standard.hooks.subprocess.SubprocessHook","filename":"subprocess.py","lineno":106}
{"timestamp":"2025-10-11T23:06:51.342817Z","level":"info","event":"\u001b[0m23:06:51  1 of 1 START sql incremental model DBT_OLIST_STAGING.stg_reviews ............... [RUN]","logger":"airflow.task.hooks.airflow.providers.standard.hooks.subprocess.SubprocessHook","filename":"subprocess.py","lineno":106}
{"timestamp":"2025-10-11T23:06:52.461163Z","level":"info","event":"\u001b[0m23:06:52  Running in PROD mode - using full data","logger":"airflow.task.hooks.airflow.providers.standard.hooks.subprocess.SubprocessHook","filename":"subprocess.py","lineno":106}
{"timestamp":"2025-10-11T23:06:53.724957Z","level":"info","event":"\u001b[0m23:06:53  Detected columns with numeric type and unspecified precision/scale, this can lead to unintended rounding: ['review_score', 'title_length', 'message_length', 'response_time_hours', 'data_quality_score']`","logger":"airflow.task.hooks.airflow.providers.standard.hooks.subprocess.SubprocessHook","filename":"subprocess.py","lineno":106}
{"timestamp":"2025-10-11T23:06:59.598924Z","level":"info","event":"\u001b[0m23:06:59  1 of 1 OK created sql incremental model DBT_OLIST_STAGING.stg_reviews .......... [\u001b[32mSUCCESS 0\u001b[0m in 8.25s]","logger":"airflow.task.hooks.airflow.providers.standard.hooks.subprocess.SubprocessHook","filename":"subprocess.py","lineno":106}
{"timestamp":"2025-10-11T23:06:59.621363Z","level":"info","event":"\u001b[0m23:06:59","logger":"airflow.task.hooks.airflow.providers.standard.hooks.subprocess.SubprocessHook","filename":"subprocess.py","lineno":106}
{"timestamp":"2025-10-11T23:06:59.643951Z","level":"info","event":"\u001b[0m23:06:59  Completed run in {'account': 'JVQRMFM-GKB40702', 'user': 'sathishthandhari', 'database': 'olist_prod', 'warehouse': 'projects', 'role': 'accountadmin', 'schema': 'staging', 'authenticator': None, 'oauth_client_id': None, 'query_tag': None, 'client_session_keep_alive': False, 'host': None, 'port': None, 'proxy_host': None, 'proxy_port': None, 'protocol': None, 'connect_retries': 1, 'connect_timeout': None, 'retry_on_database_errors': False, 'retry_all': False, 'insecure_mode': False, 'reuse_connections': True, 's3_stage_vpce_dns_name': None, 'type': 'snowflake', 'threads': 8, 'name': 'prod', 'target_name': 'prod', 'profile_name': 'olist_dbt_transformation'} environment","logger":"airflow.task.hooks.airflow.providers.standard.hooks.subprocess.SubprocessHook","filename":"subprocess.py","lineno":106}
{"timestamp":"2025-10-11T23:06:59.647174Z","level":"info","event":"\u001b[0m23:06:59  1 of 1 START hook: olist_dbt_transformation.on-run-end.0 ....................... [RUN]","logger":"airflow.task.hooks.airflow.providers.standard.hooks.subprocess.SubprocessHook","filename":"subprocess.py","lineno":106}
{"timestamp":"2025-10-11T23:06:59.648766Z","level":"info","event":"\u001b[0m23:06:59  1 of 1 OK hook: olist_dbt_transformation.on-run-end.0 .......................... [\u001b[32mOK\u001b[0m in 0.02s]","logger":"airflow.task.hooks.airflow.providers.standard.hooks.subprocess.SubprocessHook","filename":"subprocess.py","lineno":106}
{"timestamp":"2025-10-11T23:07:03.299603Z","level":"info","event":"\u001b[0m23:07:03","logger":"airflow.task.hooks.airflow.providers.standard.hooks.subprocess.SubprocessHook","filename":"subprocess.py","lineno":106}
{"timestamp":"2025-10-11T23:07:03.308025Z","level":"info","event":"\u001b[0m23:07:03  Finished running 1 incremental model, 3 project hooks in 0 hours 0 minutes and 29.62 seconds (29.62s).","logger":"airflow.task.hooks.airflow.providers.standard.hooks.subprocess.SubprocessHook","filename":"subprocess.py","lineno":106}
{"timestamp":"2025-10-11T23:07:04.049365Z","level":"info","event":"\u001b[0m23:07:04","logger":"airflow.task.hooks.airflow.providers.standard.hooks.subprocess.SubprocessHook","filename":"subprocess.py","lineno":106}
{"timestamp":"2025-10-11T23:07:04.053596Z","level":"info","event":"\u001b[0m23:07:04  \u001b[32mCompleted successfully\u001b[0m","logger":"airflow.task.hooks.airflow.providers.standard.hooks.subprocess.SubprocessHook","filename":"subprocess.py","lineno":106}
{"timestamp":"2025-10-11T23:07:04.059608Z","level":"info","event":"\u001b[0m23:07:04","logger":"airflow.task.hooks.airflow.providers.standard.hooks.subprocess.SubprocessHook","filename":"subprocess.py","lineno":106}
{"timestamp":"2025-10-11T23:07:04.061768Z","level":"info","event":"\u001b[0m23:07:04  Done. PASS=4 WARN=0 ERROR=0 SKIP=0 NO-OP=0 TOTAL=4","logger":"airflow.task.hooks.airflow.providers.standard.hooks.subprocess.SubprocessHook","filename":"subprocess.py","lineno":106}
{"timestamp":"2025-10-11T23:07:09.082965Z","level":"info","event":"Command exited with return code 0","logger":"airflow.task.hooks.airflow.providers.standard.hooks.subprocess.SubprocessHook","filename":"subprocess.py","lineno":110}
{"timestamp":"2025-10-11T23:07:09.132856Z","level":"info","event":"Pushing xcom","ti":"RuntimeTaskInstance(id=UUID('0199d583-d3e5-78d7-8d3a-e6507d2a2b26'), task_id='staging_layer.run_stg_reviews', dag_id='olist_production_pipeline', run_id='manual__2025-10-11T23:03:30.436593+00:00', try_number=1, dag_version_id=UUID('0199d584-36fa-729a-997c-bcc1f095e1af'), map_index=-1, hostname='b1435fd4756a', context_carrier={}, task=<Task(BashOperator): staging_layer.run_stg_reviews>, bundle_instance=LocalDagBundle(name=dags-folder), max_tries=2, start_date=datetime.datetime(2025, 10, 11, 23, 5, 7, 56724, tzinfo=datetime.timezone.utc), end_date=None, state=<TaskInstanceState.RUNNING: 'running'>, is_mapped=False, rendered_map_index=None)","logger":"task","filename":"task_runner.py","lineno":1352}
{"timestamp":"2025-10-11T23:07:09.300174Z","level":"info","event":"Task instance in success state","logger":"task.stdout"}
{"timestamp":"2025-10-11T23:07:09.304554Z","level":"info","event":" Previous state of the Task instance: TaskInstanceState.RUNNING","logger":"task.stdout"}
{"timestamp":"2025-10-11T23:07:09.310965Z","level":"info","event":"Task operator:<Task(BashOperator): staging_layer.run_stg_reviews>","logger":"task.stdout"}
