{"timestamp":"2025-10-12T08:33:37.802683Z","level":"info","event":"DAG bundles loaded: dags-folder, example_dags","logger":"airflow.dag_processing.bundles.manager.DagBundlesManager","filename":"manager.py","lineno":179}
{"timestamp":"2025-10-12T08:33:37.806852Z","level":"info","event":"Filling up the DagBag from /opt/airflow/dags/olist_production_dag.py","logger":"airflow.models.dagbag.DagBag","filename":"dagbag.py","lineno":593}
{"timestamp":"2025-10-12T08:33:42.775911Z","level":"info","event":"Task instance is in running state","logger":"task.stdout"}
{"timestamp":"2025-10-12T08:33:42.777678Z","level":"info","event":" Previous state of the Task instance: TaskInstanceState.QUEUED","logger":"task.stdout"}
{"timestamp":"2025-10-12T08:33:42.778362Z","level":"info","event":"Current task name:staging_layer.run_stg_reviews","logger":"task.stdout"}
{"timestamp":"2025-10-12T08:33:42.779535Z","level":"info","event":"Dag name:olist_production_pipeline","logger":"task.stdout"}
{"timestamp":"2025-10-12T08:33:42.777184Z","level":"info","event":"Tmp dir root location: /tmp","logger":"airflow.task.hooks.airflow.providers.standard.hooks.subprocess.SubprocessHook","filename":"subprocess.py","lineno":78}
{"timestamp":"2025-10-12T08:33:42.782399Z","level":"info","event":"Running command: ['/usr/bin/bash', '-c', '\\n        export PATH=/home/airflow/.local/bin:$PATH &&\\n        cd /opt/airflow/dags/olist_dbt_transformation &&\\n        dbt run --select stg_reviews --profiles-dir . --project-dir . --target prod\\n        ']","logger":"airflow.task.hooks.airflow.providers.standard.hooks.subprocess.SubprocessHook","filename":"subprocess.py","lineno":88}
{"timestamp":"2025-10-12T08:33:42.829550Z","level":"info","event":"Output:","logger":"airflow.task.hooks.airflow.providers.standard.hooks.subprocess.SubprocessHook","filename":"subprocess.py","lineno":99}
{"timestamp":"2025-10-12T08:34:02.323984Z","level":"info","event":"\u001b[0m08:34:02  Running with dbt=1.10.13","logger":"airflow.task.hooks.airflow.providers.standard.hooks.subprocess.SubprocessHook","filename":"subprocess.py","lineno":106}
{"timestamp":"2025-10-12T08:34:09.514207Z","level":"info","event":"\u001b[0m08:34:09  Registered adapter: snowflake=1.10.2","logger":"airflow.task.hooks.airflow.providers.standard.hooks.subprocess.SubprocessHook","filename":"subprocess.py","lineno":106}
{"timestamp":"2025-10-12T08:34:22.158209Z","level":"info","event":"\u001b[0m08:34:22  Encountered an error:","logger":"airflow.task.hooks.airflow.providers.standard.hooks.subprocess.SubprocessHook","filename":"subprocess.py","lineno":106}
{"timestamp":"2025-10-12T08:34:22.158613Z","level":"info","event":"[Errno 2] No such file or directory: '/opt/airflow/dags/olist_dbt_transformation/dbt_packages/dbt_expectations/macros/schema_tests/column_values_basic/expect_column_values_to_be_between.sql'","logger":"airflow.task.hooks.airflow.providers.standard.hooks.subprocess.SubprocessHook","filename":"subprocess.py","lineno":106}
{"timestamp":"2025-10-12T08:34:22.218186Z","level":"info","event":"\u001b[0m08:34:22  Traceback (most recent call last):","logger":"airflow.task.hooks.airflow.providers.standard.hooks.subprocess.SubprocessHook","filename":"subprocess.py","lineno":106}
{"timestamp":"2025-10-12T08:34:22.218535Z","level":"info","event":"  File \"/home/airflow/.local/lib/python3.12/site-packages/dbt/cli/requires.py\", line 178, in wrapper","logger":"airflow.task.hooks.airflow.providers.standard.hooks.subprocess.SubprocessHook","filename":"subprocess.py","lineno":106}
{"timestamp":"2025-10-12T08:34:22.218647Z","level":"info","event":"    result, success = func(*args, **kwargs)","logger":"airflow.task.hooks.airflow.providers.standard.hooks.subprocess.SubprocessHook","filename":"subprocess.py","lineno":106}
{"timestamp":"2025-10-12T08:34:22.218710Z","level":"info","event":"                      ^^^^^^^^^^^^^^^^^^^^^","logger":"airflow.task.hooks.airflow.providers.standard.hooks.subprocess.SubprocessHook","filename":"subprocess.py","lineno":106}
{"timestamp":"2025-10-12T08:34:22.218769Z","level":"info","event":"  File \"/home/airflow/.local/lib/python3.12/site-packages/dbt/cli/requires.py\", line 128, in wrapper","logger":"airflow.task.hooks.airflow.providers.standard.hooks.subprocess.SubprocessHook","filename":"subprocess.py","lineno":106}
{"timestamp":"2025-10-12T08:34:22.218822Z","level":"info","event":"    return func(*args, **kwargs)","logger":"airflow.task.hooks.airflow.providers.standard.hooks.subprocess.SubprocessHook","filename":"subprocess.py","lineno":106}
{"timestamp":"2025-10-12T08:34:22.223129Z","level":"info","event":"           ^^^^^^^^^^^^^^^^^^^^^","logger":"airflow.task.hooks.airflow.providers.standard.hooks.subprocess.SubprocessHook","filename":"subprocess.py","lineno":106}
{"timestamp":"2025-10-12T08:34:22.223440Z","level":"info","event":"  File \"/home/airflow/.local/lib/python3.12/site-packages/dbt/cli/requires.py\", line 272, in wrapper","logger":"airflow.task.hooks.airflow.providers.standard.hooks.subprocess.SubprocessHook","filename":"subprocess.py","lineno":106}
{"timestamp":"2025-10-12T08:34:22.223611Z","level":"info","event":"    return func(*args, **kwargs)","logger":"airflow.task.hooks.airflow.providers.standard.hooks.subprocess.SubprocessHook","filename":"subprocess.py","lineno":106}
{"timestamp":"2025-10-12T08:34:22.228199Z","level":"info","event":"           ^^^^^^^^^^^^^^^^^^^^^","logger":"airflow.task.hooks.airflow.providers.standard.hooks.subprocess.SubprocessHook","filename":"subprocess.py","lineno":106}
{"timestamp":"2025-10-12T08:34:22.233662Z","level":"info","event":"  File \"/home/airflow/.local/lib/python3.12/site-packages/dbt/cli/requires.py\", line 303, in wrapper","logger":"airflow.task.hooks.airflow.providers.standard.hooks.subprocess.SubprocessHook","filename":"subprocess.py","lineno":106}
{"timestamp":"2025-10-12T08:34:22.233962Z","level":"info","event":"    return func(*args, **kwargs)","logger":"airflow.task.hooks.airflow.providers.standard.hooks.subprocess.SubprocessHook","filename":"subprocess.py","lineno":106}
{"timestamp":"2025-10-12T08:34:22.234076Z","level":"info","event":"           ^^^^^^^^^^^^^^^^^^^^^","logger":"airflow.task.hooks.airflow.providers.standard.hooks.subprocess.SubprocessHook","filename":"subprocess.py","lineno":106}
{"timestamp":"2025-10-12T08:34:22.234235Z","level":"info","event":"  File \"/home/airflow/.local/lib/python3.12/site-packages/dbt/cli/requires.py\", line 373, in wrapper","logger":"airflow.task.hooks.airflow.providers.standard.hooks.subprocess.SubprocessHook","filename":"subprocess.py","lineno":106}
{"timestamp":"2025-10-12T08:34:22.234339Z","level":"info","event":"    return func(*args, **kwargs)","logger":"airflow.task.hooks.airflow.providers.standard.hooks.subprocess.SubprocessHook","filename":"subprocess.py","lineno":106}
{"timestamp":"2025-10-12T08:34:22.234446Z","level":"info","event":"           ^^^^^^^^^^^^^^^^^^^^^","logger":"airflow.task.hooks.airflow.providers.standard.hooks.subprocess.SubprocessHook","filename":"subprocess.py","lineno":106}
{"timestamp":"2025-10-12T08:34:22.234547Z","level":"info","event":"  File \"/home/airflow/.local/lib/python3.12/site-packages/dbt/cli/requires.py\", line 350, in wrapper","logger":"airflow.task.hooks.airflow.providers.standard.hooks.subprocess.SubprocessHook","filename":"subprocess.py","lineno":106}
{"timestamp":"2025-10-12T08:34:22.234640Z","level":"info","event":"    return func(*args, **kwargs)","logger":"airflow.task.hooks.airflow.providers.standard.hooks.subprocess.SubprocessHook","filename":"subprocess.py","lineno":106}
{"timestamp":"2025-10-12T08:34:22.234736Z","level":"info","event":"           ^^^^^^^^^^^^^^^^^^^^^","logger":"airflow.task.hooks.airflow.providers.standard.hooks.subprocess.SubprocessHook","filename":"subprocess.py","lineno":106}
{"timestamp":"2025-10-12T08:34:22.234839Z","level":"info","event":"  File \"/home/airflow/.local/lib/python3.12/site-packages/dbt/cli/requires.py\", line 389, in wrapper","logger":"airflow.task.hooks.airflow.providers.standard.hooks.subprocess.SubprocessHook","filename":"subprocess.py","lineno":106}
{"timestamp":"2025-10-12T08:34:22.235036Z","level":"info","event":"    setup_manifest(ctx, write=write, write_perf_info=write_perf_info)","logger":"airflow.task.hooks.airflow.providers.standard.hooks.subprocess.SubprocessHook","filename":"subprocess.py","lineno":106}
{"timestamp":"2025-10-12T08:34:22.235281Z","level":"info","event":"  File \"/home/airflow/.local/lib/python3.12/site-packages/dbt/cli/requires.py\", line 416, in setup_manifest","logger":"airflow.task.hooks.airflow.providers.standard.hooks.subprocess.SubprocessHook","filename":"subprocess.py","lineno":106}
{"timestamp":"2025-10-12T08:34:22.235416Z","level":"info","event":"    ctx.obj[\"manifest\"] = parse_manifest(","logger":"airflow.task.hooks.airflow.providers.standard.hooks.subprocess.SubprocessHook","filename":"subprocess.py","lineno":106}
{"timestamp":"2025-10-12T08:34:22.235520Z","level":"info","event":"                          ^^^^^^^^^^^^^^^","logger":"airflow.task.hooks.airflow.providers.standard.hooks.subprocess.SubprocessHook","filename":"subprocess.py","lineno":106}
{"timestamp":"2025-10-12T08:34:22.235611Z","level":"info","event":"  File \"/home/airflow/.local/lib/python3.12/site-packages/dbt/parser/manifest.py\", line 2123, in parse_manifest","logger":"airflow.task.hooks.airflow.providers.standard.hooks.subprocess.SubprocessHook","filename":"subprocess.py","lineno":106}
{"timestamp":"2025-10-12T08:34:22.239308Z","level":"info","event":"    manifest = ManifestLoader.get_full_manifest(","logger":"airflow.task.hooks.airflow.providers.standard.hooks.subprocess.SubprocessHook","filename":"subprocess.py","lineno":106}
{"timestamp":"2025-10-12T08:34:22.242440Z","level":"info","event":"               ^^^^^^^^^^^^^^^^^^^^^^^^^^^^^^^^^","logger":"airflow.task.hooks.airflow.providers.standard.hooks.subprocess.SubprocessHook","filename":"subprocess.py","lineno":106}
{"timestamp":"2025-10-12T08:34:22.242671Z","level":"info","event":"  File \"/home/airflow/.local/lib/python3.12/site-packages/dbt/parser/manifest.py\", line 320, in get_full_manifest","logger":"airflow.task.hooks.airflow.providers.standard.hooks.subprocess.SubprocessHook","filename":"subprocess.py","lineno":106}
{"timestamp":"2025-10-12T08:34:22.242848Z","level":"info","event":"    manifest = loader.load()","logger":"airflow.task.hooks.airflow.providers.standard.hooks.subprocess.SubprocessHook","filename":"subprocess.py","lineno":106}
{"timestamp":"2025-10-12T08:34:22.243062Z","level":"info","event":"               ^^^^^^^^^^^^^","logger":"airflow.task.hooks.airflow.providers.standard.hooks.subprocess.SubprocessHook","filename":"subprocess.py","lineno":106}
{"timestamp":"2025-10-12T08:34:22.243241Z","level":"info","event":"  File \"/home/airflow/.local/lib/python3.12/site-packages/dbt/parser/manifest.py\", line 367, in load","logger":"airflow.task.hooks.airflow.providers.standard.hooks.subprocess.SubprocessHook","filename":"subprocess.py","lineno":106}
{"timestamp":"2025-10-12T08:34:22.246856Z","level":"info","event":"    file_reader.read_files()","logger":"airflow.task.hooks.airflow.providers.standard.hooks.subprocess.SubprocessHook","filename":"subprocess.py","lineno":106}
{"timestamp":"2025-10-12T08:34:22.248180Z","level":"info","event":"  File \"/home/airflow/.local/lib/python3.12/site-packages/dbt/parser/read_files.py\", line 212, in read_files","logger":"airflow.task.hooks.airflow.providers.standard.hooks.subprocess.SubprocessHook","filename":"subprocess.py","lineno":106}
{"timestamp":"2025-10-12T08:34:22.248926Z","level":"info","event":"    self.read_files_for_project(project, file_types)","logger":"airflow.task.hooks.airflow.providers.standard.hooks.subprocess.SubprocessHook","filename":"subprocess.py","lineno":106}
{"timestamp":"2025-10-12T08:34:22.249104Z","level":"info","event":"  File \"/home/airflow/.local/lib/python3.12/site-packages/dbt/parser/read_files.py\", line 219, in read_files_for_project","logger":"airflow.task.hooks.airflow.providers.standard.hooks.subprocess.SubprocessHook","filename":"subprocess.py","lineno":106}
{"timestamp":"2025-10-12T08:34:22.252090Z","level":"info","event":"    project_files[file_type_info[\"parser\"]] = read_files_for_parser(","logger":"airflow.task.hooks.airflow.providers.standard.hooks.subprocess.SubprocessHook","filename":"subprocess.py","lineno":106}
{"timestamp":"2025-10-12T08:34:22.252603Z","level":"info","event":"                                              ^^^^^^^^^^^^^^^^^^^^^^","logger":"airflow.task.hooks.airflow.providers.standard.hooks.subprocess.SubprocessHook","filename":"subprocess.py","lineno":106}
{"timestamp":"2025-10-12T08:34:22.252901Z","level":"info","event":"  File \"/home/airflow/.local/lib/python3.12/site-packages/dbt/parser/read_files.py\", line 167, in read_files_for_parser","logger":"airflow.task.hooks.airflow.providers.standard.hooks.subprocess.SubprocessHook","filename":"subprocess.py","lineno":106}
{"timestamp":"2025-10-12T08:34:22.253100Z","level":"info","event":"    source_files = get_source_files(","logger":"airflow.task.hooks.airflow.providers.standard.hooks.subprocess.SubprocessHook","filename":"subprocess.py","lineno":106}
{"timestamp":"2025-10-12T08:34:22.253228Z","level":"info","event":"                   ^^^^^^^^^^^^^^^^^","logger":"airflow.task.hooks.airflow.providers.standard.hooks.subprocess.SubprocessHook","filename":"subprocess.py","lineno":106}
{"timestamp":"2025-10-12T08:34:22.253342Z","level":"info","event":"  File \"/home/airflow/.local/lib/python3.12/site-packages/dbt/parser/read_files.py\", line 156, in get_source_files","logger":"airflow.task.hooks.airflow.providers.standard.hooks.subprocess.SubprocessHook","filename":"subprocess.py","lineno":106}
{"timestamp":"2025-10-12T08:34:22.253508Z","level":"info","event":"    file = load_source_file(fp, parse_file_type, project.project_name, saved_files)","logger":"airflow.task.hooks.airflow.providers.standard.hooks.subprocess.SubprocessHook","filename":"subprocess.py","lineno":106}
{"timestamp":"2025-10-12T08:34:22.253773Z","level":"info","event":"           ^^^^^^^^^^^^^^^^^^^^^^^^^^^^^^^^^^^^^^^^^^^^^^^^^^^^^^^^^^^^^^^^^^^^^^^^","logger":"airflow.task.hooks.airflow.providers.standard.hooks.subprocess.SubprocessHook","filename":"subprocess.py","lineno":106}
{"timestamp":"2025-10-12T08:34:22.253983Z","level":"info","event":"  File \"/home/airflow/.local/lib/python3.12/site-packages/dbt/parser/read_files.py\", line 84, in load_source_file","logger":"airflow.task.hooks.airflow.providers.standard.hooks.subprocess.SubprocessHook","filename":"subprocess.py","lineno":106}
{"timestamp":"2025-10-12T08:34:22.254108Z","level":"info","event":"    file_contents = load_file_contents(path.absolute_path, strip=True)","logger":"airflow.task.hooks.airflow.providers.standard.hooks.subprocess.SubprocessHook","filename":"subprocess.py","lineno":106}
{"timestamp":"2025-10-12T08:34:22.254209Z","level":"info","event":"                    ^^^^^^^^^^^^^^^^^^^^^^^^^^^^^^^^^^^^^^^^^^^^^^^^^^","logger":"airflow.task.hooks.airflow.providers.standard.hooks.subprocess.SubprocessHook","filename":"subprocess.py","lineno":106}
{"timestamp":"2025-10-12T08:34:22.254305Z","level":"info","event":"  File \"/home/airflow/.local/lib/python3.12/site-packages/dbt_common/record.py\", line 512, in record_replay_wrapper","logger":"airflow.task.hooks.airflow.providers.standard.hooks.subprocess.SubprocessHook","filename":"subprocess.py","lineno":106}
{"timestamp":"2025-10-12T08:34:22.254403Z","level":"info","event":"    return func_to_record(*call_args, **kwargs)","logger":"airflow.task.hooks.airflow.providers.standard.hooks.subprocess.SubprocessHook","filename":"subprocess.py","lineno":106}
{"timestamp":"2025-10-12T08:34:22.255148Z","level":"info","event":"           ^^^^^^^^^^^^^^^^^^^^^^^^^^^^^^^^^^^^","logger":"airflow.task.hooks.airflow.providers.standard.hooks.subprocess.SubprocessHook","filename":"subprocess.py","lineno":106}
{"timestamp":"2025-10-12T08:34:22.255609Z","level":"info","event":"  File \"/home/airflow/.local/lib/python3.12/site-packages/dbt_common/clients/system.py\", line 177, in load_file_contents","logger":"airflow.task.hooks.airflow.providers.standard.hooks.subprocess.SubprocessHook","filename":"subprocess.py","lineno":106}
{"timestamp":"2025-10-12T08:34:22.255856Z","level":"info","event":"    with open(path, \"rb\") as handle:","logger":"airflow.task.hooks.airflow.providers.standard.hooks.subprocess.SubprocessHook","filename":"subprocess.py","lineno":106}
{"timestamp":"2025-10-12T08:34:22.256576Z","level":"info","event":"         ^^^^^^^^^^^^^^^^","logger":"airflow.task.hooks.airflow.providers.standard.hooks.subprocess.SubprocessHook","filename":"subprocess.py","lineno":106}
{"timestamp":"2025-10-12T08:34:22.256845Z","level":"info","event":"FileNotFoundError: [Errno 2] No such file or directory: '/opt/airflow/dags/olist_dbt_transformation/dbt_packages/dbt_expectations/macros/schema_tests/column_values_basic/expect_column_values_to_be_between.sql'","logger":"airflow.task.hooks.airflow.providers.standard.hooks.subprocess.SubprocessHook","filename":"subprocess.py","lineno":106}
{"timestamp":"2025-10-12T08:34:22.257161Z","level":"info","event":"","logger":"airflow.task.hooks.airflow.providers.standard.hooks.subprocess.SubprocessHook","filename":"subprocess.py","lineno":106}
{"timestamp":"2025-10-12T08:34:26.163136Z","level":"info","event":"Command exited with return code 2","logger":"airflow.task.hooks.airflow.providers.standard.hooks.subprocess.SubprocessHook","filename":"subprocess.py","lineno":110}
{"timestamp":"2025-10-12T08:34:26.203933Z","level":"error","event":"Task failed with exception","logger":"task","filename":"task_runner.py","lineno":972,"error_detail":[{"exc_type":"AirflowException","exc_value":"Bash command failed. The command returned a non-zero exit code 2.","exc_notes":[],"syntax_error":null,"is_cause":false,"frames":[{"filename":"/home/airflow/.local/lib/python3.12/site-packages/airflow/sdk/execution_time/task_runner.py","lineno":920,"name":"run"},{"filename":"/home/airflow/.local/lib/python3.12/site-packages/airflow/sdk/execution_time/task_runner.py","lineno":1302,"name":"_execute_task"},{"filename":"/home/airflow/.local/lib/python3.12/site-packages/airflow/sdk/bases/operator.py","lineno":416,"name":"wrapper"},{"filename":"/home/airflow/.local/lib/python3.12/site-packages/airflow/providers/standard/operators/bash.py","lineno":232,"name":"execute"}],"is_group":false,"exceptions":[]}]}
{"timestamp":"2025-10-12T08:34:26.534203Z","level":"info","event":"Task instance in failure state","logger":"task.stdout"}
{"timestamp":"2025-10-12T08:34:26.536017Z","level":"info","event":"Task start","logger":"task.stdout"}
{"timestamp":"2025-10-12T08:34:26.536770Z","level":"info","event":"Task:<Task(BashOperator): staging_layer.run_stg_reviews>","logger":"task.stdout"}
{"timestamp":"2025-10-12T08:34:26.538124Z","level":"info","event":"Failure caused by Bash command failed. The command returned a non-zero exit code 2.","logger":"task.stdout"}
