{"timestamp":"2025-10-11T22:14:22.102396Z","level":"info","event":"DAG bundles loaded: dags-folder, example_dags","logger":"airflow.dag_processing.bundles.manager.DagBundlesManager","filename":"manager.py","lineno":179}
{"timestamp":"2025-10-11T22:14:22.104506Z","level":"info","event":"Filling up the DagBag from /opt/airflow/dags/olist_production_dag.py","logger":"airflow.models.dagbag.DagBag","filename":"dagbag.py","lineno":593}
{"timestamp":"2025-10-11T22:14:22.345162Z","level":"info","event":"Task instance is in running state","logger":"task.stdout"}
{"timestamp":"2025-10-11T22:14:22.345994Z","level":"info","event":" Previous state of the Task instance: TaskInstanceState.QUEUED","logger":"task.stdout"}
{"timestamp":"2025-10-11T22:14:22.346659Z","level":"info","event":"Current task name:preflight_checks.dbt_deps_install","logger":"task.stdout"}
{"timestamp":"2025-10-11T22:14:22.347739Z","level":"info","event":"Dag name:olist_production_pipeline","logger":"task.stdout"}
{"timestamp":"2025-10-11T22:14:22.347248Z","level":"info","event":"Tmp dir root location: /tmp","logger":"airflow.task.hooks.airflow.providers.standard.hooks.subprocess.SubprocessHook","filename":"subprocess.py","lineno":78}
{"timestamp":"2025-10-11T22:14:22.349355Z","level":"info","event":"Running command: ['/usr/bin/bash', '-c', '\\n        export PATH=/home/airflow/.local/bin:$PATH &&\\n        cd /opt/airflow/dags/olist_dbt_transformation && \\n        dbt deps --profiles-dir /opt/airflow/dags/olist_dbt_transformation --project-dir /opt/airflow/dags/olist_dbt_transformation &&\\n        dbt debug --profiles-dir /opt/airflow/dags/olist_dbt_transformation --project-dir /opt/airflow/dags/olist_dbt_transformation\\n        ']","logger":"airflow.task.hooks.airflow.providers.standard.hooks.subprocess.SubprocessHook","filename":"subprocess.py","lineno":88}
{"timestamp":"2025-10-11T22:14:22.374243Z","level":"info","event":"Output:","logger":"airflow.task.hooks.airflow.providers.standard.hooks.subprocess.SubprocessHook","filename":"subprocess.py","lineno":99}
{"timestamp":"2025-10-11T22:14:28.441189Z","level":"info","event":"\u001b[0m22:14:28  Running with dbt=1.10.13","logger":"airflow.task.hooks.airflow.providers.standard.hooks.subprocess.SubprocessHook","filename":"subprocess.py","lineno":106}
{"timestamp":"2025-10-11T22:14:35.283725Z","level":"info","event":"\u001b[0m22:14:35  Updating lock file in file path: /opt/airflow/dags/olist_dbt_transformation/package-lock.yml","logger":"airflow.task.hooks.airflow.providers.standard.hooks.subprocess.SubprocessHook","filename":"subprocess.py","lineno":106}
{"timestamp":"2025-10-11T22:14:37.348051Z","level":"info","event":"\u001b[0m22:14:37  Installing dbt-labs/dbt_utils","logger":"airflow.task.hooks.airflow.providers.standard.hooks.subprocess.SubprocessHook","filename":"subprocess.py","lineno":106}
{"timestamp":"2025-10-11T22:14:50.147229Z","level":"info","event":"\u001b[0m22:14:50  Installed from version 1.3.1","logger":"airflow.task.hooks.airflow.providers.standard.hooks.subprocess.SubprocessHook","filename":"subprocess.py","lineno":106}
{"timestamp":"2025-10-11T22:14:50.148177Z","level":"info","event":"\u001b[0m22:14:50  Up to date!","logger":"airflow.task.hooks.airflow.providers.standard.hooks.subprocess.SubprocessHook","filename":"subprocess.py","lineno":106}
{"timestamp":"2025-10-11T22:14:50.150422Z","level":"info","event":"\u001b[0m22:14:50  Installing metaplane/dbt_expectations","logger":"airflow.task.hooks.airflow.providers.standard.hooks.subprocess.SubprocessHook","filename":"subprocess.py","lineno":106}
{"timestamp":"2025-10-11T22:14:57.874496Z","level":"info","event":"\u001b[0m22:14:57  Installed from version 0.10.9","logger":"airflow.task.hooks.airflow.providers.standard.hooks.subprocess.SubprocessHook","filename":"subprocess.py","lineno":106}
{"timestamp":"2025-10-11T22:14:57.876479Z","level":"info","event":"\u001b[0m22:14:57  Up to date!","logger":"airflow.task.hooks.airflow.providers.standard.hooks.subprocess.SubprocessHook","filename":"subprocess.py","lineno":106}
{"timestamp":"2025-10-11T22:14:57.879990Z","level":"info","event":"\u001b[0m22:14:57  Installing godatadriven/dbt_date","logger":"airflow.task.hooks.airflow.providers.standard.hooks.subprocess.SubprocessHook","filename":"subprocess.py","lineno":106}
{"timestamp":"2025-10-11T22:15:01.784321Z","level":"info","event":"\u001b[0m22:15:01  Installed from version 0.16.1","logger":"airflow.task.hooks.airflow.providers.standard.hooks.subprocess.SubprocessHook","filename":"subprocess.py","lineno":106}
{"timestamp":"2025-10-11T22:15:01.789273Z","level":"info","event":"\u001b[0m22:15:01  Up to date!","logger":"airflow.task.hooks.airflow.providers.standard.hooks.subprocess.SubprocessHook","filename":"subprocess.py","lineno":106}
{"timestamp":"2025-10-11T22:15:08.543249Z","level":"info","event":"\u001b[0m22:15:08  Running with dbt=1.10.13","logger":"airflow.task.hooks.airflow.providers.standard.hooks.subprocess.SubprocessHook","filename":"subprocess.py","lineno":106}
{"timestamp":"2025-10-11T22:15:08.595039Z","level":"info","event":"\u001b[0m22:15:08  dbt version: 1.10.13","logger":"airflow.task.hooks.airflow.providers.standard.hooks.subprocess.SubprocessHook","filename":"subprocess.py","lineno":106}
{"timestamp":"2025-10-11T22:15:08.598723Z","level":"info","event":"\u001b[0m22:15:08  python version: 3.12.11","logger":"airflow.task.hooks.airflow.providers.standard.hooks.subprocess.SubprocessHook","filename":"subprocess.py","lineno":106}
{"timestamp":"2025-10-11T22:15:08.600574Z","level":"info","event":"\u001b[0m22:15:08  python path: /usr/python/bin/python3.12","logger":"airflow.task.hooks.airflow.providers.standard.hooks.subprocess.SubprocessHook","filename":"subprocess.py","lineno":106}
{"timestamp":"2025-10-11T22:15:08.602406Z","level":"info","event":"\u001b[0m22:15:08  os info: Linux-6.6.87.2-microsoft-standard-WSL2-x86_64-with-glibc2.36","logger":"airflow.task.hooks.airflow.providers.standard.hooks.subprocess.SubprocessHook","filename":"subprocess.py","lineno":106}
{"timestamp":"2025-10-11T22:15:13.629833Z","level":"info","event":"\u001b[0m22:15:13  Using profiles dir at /opt/airflow/dags/olist_dbt_transformation","logger":"airflow.task.hooks.airflow.providers.standard.hooks.subprocess.SubprocessHook","filename":"subprocess.py","lineno":106}
{"timestamp":"2025-10-11T22:15:13.631294Z","level":"info","event":"\u001b[0m22:15:13  Using profiles.yml file at /opt/airflow/dags/olist_dbt_transformation/profiles.yml","logger":"airflow.task.hooks.airflow.providers.standard.hooks.subprocess.SubprocessHook","filename":"subprocess.py","lineno":106}
{"timestamp":"2025-10-11T22:15:13.633211Z","level":"info","event":"\u001b[0m22:15:13  Using dbt_project.yml file at /opt/airflow/dags/olist_dbt_transformation/dbt_project.yml","logger":"airflow.task.hooks.airflow.providers.standard.hooks.subprocess.SubprocessHook","filename":"subprocess.py","lineno":106}
{"timestamp":"2025-10-11T22:15:13.635548Z","level":"info","event":"\u001b[0m22:15:13  adapter type: snowflake","logger":"airflow.task.hooks.airflow.providers.standard.hooks.subprocess.SubprocessHook","filename":"subprocess.py","lineno":106}
{"timestamp":"2025-10-11T22:15:13.636771Z","level":"info","event":"\u001b[0m22:15:13  adapter version: 1.10.2","logger":"airflow.task.hooks.airflow.providers.standard.hooks.subprocess.SubprocessHook","filename":"subprocess.py","lineno":106}
{"timestamp":"2025-10-11T22:15:14.015529Z","level":"info","event":"\u001b[0m22:15:14  Configuration:","logger":"airflow.task.hooks.airflow.providers.standard.hooks.subprocess.SubprocessHook","filename":"subprocess.py","lineno":106}
{"timestamp":"2025-10-11T22:15:14.016832Z","level":"info","event":"\u001b[0m22:15:14    profiles.yml file [\u001b[32mOK found and valid\u001b[0m]","logger":"airflow.task.hooks.airflow.providers.standard.hooks.subprocess.SubprocessHook","filename":"subprocess.py","lineno":106}
{"timestamp":"2025-10-11T22:15:14.018163Z","level":"info","event":"\u001b[0m22:15:14    dbt_project.yml file [\u001b[32mOK found and valid\u001b[0m]","logger":"airflow.task.hooks.airflow.providers.standard.hooks.subprocess.SubprocessHook","filename":"subprocess.py","lineno":106}
{"timestamp":"2025-10-11T22:15:14.019514Z","level":"info","event":"\u001b[0m22:15:14  Required dependencies:","logger":"airflow.task.hooks.airflow.providers.standard.hooks.subprocess.SubprocessHook","filename":"subprocess.py","lineno":106}
{"timestamp":"2025-10-11T22:15:14.059632Z","level":"info","event":"\u001b[0m22:15:14   - git [\u001b[32mOK found\u001b[0m]","logger":"airflow.task.hooks.airflow.providers.standard.hooks.subprocess.SubprocessHook","filename":"subprocess.py","lineno":106}
{"timestamp":"2025-10-11T22:15:14.059937Z","level":"info","event":"","logger":"airflow.task.hooks.airflow.providers.standard.hooks.subprocess.SubprocessHook","filename":"subprocess.py","lineno":106}
{"timestamp":"2025-10-11T22:15:14.061920Z","level":"info","event":"\u001b[0m22:15:14  Connection:","logger":"airflow.task.hooks.airflow.providers.standard.hooks.subprocess.SubprocessHook","filename":"subprocess.py","lineno":106}
{"timestamp":"2025-10-11T22:15:14.063109Z","level":"info","event":"\u001b[0m22:15:14    account: JVQRMFM-GKB40702","logger":"airflow.task.hooks.airflow.providers.standard.hooks.subprocess.SubprocessHook","filename":"subprocess.py","lineno":106}
{"timestamp":"2025-10-11T22:15:14.064446Z","level":"info","event":"\u001b[0m22:15:14    user: sathishthandhari","logger":"airflow.task.hooks.airflow.providers.standard.hooks.subprocess.SubprocessHook","filename":"subprocess.py","lineno":106}
{"timestamp":"2025-10-11T22:15:14.065700Z","level":"info","event":"\u001b[0m22:15:14    database: olist_dev","logger":"airflow.task.hooks.airflow.providers.standard.hooks.subprocess.SubprocessHook","filename":"subprocess.py","lineno":106}
{"timestamp":"2025-10-11T22:15:14.067289Z","level":"info","event":"\u001b[0m22:15:14    warehouse: projects","logger":"airflow.task.hooks.airflow.providers.standard.hooks.subprocess.SubprocessHook","filename":"subprocess.py","lineno":106}
{"timestamp":"2025-10-11T22:15:14.068663Z","level":"info","event":"\u001b[0m22:15:14    role: accountadmin","logger":"airflow.task.hooks.airflow.providers.standard.hooks.subprocess.SubprocessHook","filename":"subprocess.py","lineno":106}
{"timestamp":"2025-10-11T22:15:14.069989Z","level":"info","event":"\u001b[0m22:15:14    schema: dbt_olist_staging","logger":"airflow.task.hooks.airflow.providers.standard.hooks.subprocess.SubprocessHook","filename":"subprocess.py","lineno":106}
{"timestamp":"2025-10-11T22:15:14.070991Z","level":"info","event":"\u001b[0m22:15:14    authenticator: None","logger":"airflow.task.hooks.airflow.providers.standard.hooks.subprocess.SubprocessHook","filename":"subprocess.py","lineno":106}
{"timestamp":"2025-10-11T22:15:14.072226Z","level":"info","event":"\u001b[0m22:15:14    oauth_client_id: None","logger":"airflow.task.hooks.airflow.providers.standard.hooks.subprocess.SubprocessHook","filename":"subprocess.py","lineno":106}
{"timestamp":"2025-10-11T22:15:14.073454Z","level":"info","event":"\u001b[0m22:15:14    query_tag: None","logger":"airflow.task.hooks.airflow.providers.standard.hooks.subprocess.SubprocessHook","filename":"subprocess.py","lineno":106}
{"timestamp":"2025-10-11T22:15:14.074822Z","level":"info","event":"\u001b[0m22:15:14    client_session_keep_alive: False","logger":"airflow.task.hooks.airflow.providers.standard.hooks.subprocess.SubprocessHook","filename":"subprocess.py","lineno":106}
{"timestamp":"2025-10-11T22:15:14.076331Z","level":"info","event":"\u001b[0m22:15:14    host: None","logger":"airflow.task.hooks.airflow.providers.standard.hooks.subprocess.SubprocessHook","filename":"subprocess.py","lineno":106}
{"timestamp":"2025-10-11T22:15:14.078110Z","level":"info","event":"\u001b[0m22:15:14    port: None","logger":"airflow.task.hooks.airflow.providers.standard.hooks.subprocess.SubprocessHook","filename":"subprocess.py","lineno":106}
{"timestamp":"2025-10-11T22:15:14.079379Z","level":"info","event":"\u001b[0m22:15:14    proxy_host: None","logger":"airflow.task.hooks.airflow.providers.standard.hooks.subprocess.SubprocessHook","filename":"subprocess.py","lineno":106}
{"timestamp":"2025-10-11T22:15:14.080781Z","level":"info","event":"\u001b[0m22:15:14    proxy_port: None","logger":"airflow.task.hooks.airflow.providers.standard.hooks.subprocess.SubprocessHook","filename":"subprocess.py","lineno":106}
{"timestamp":"2025-10-11T22:15:14.082411Z","level":"info","event":"\u001b[0m22:15:14    protocol: None","logger":"airflow.task.hooks.airflow.providers.standard.hooks.subprocess.SubprocessHook","filename":"subprocess.py","lineno":106}
{"timestamp":"2025-10-11T22:15:14.084140Z","level":"info","event":"\u001b[0m22:15:14    connect_retries: 1","logger":"airflow.task.hooks.airflow.providers.standard.hooks.subprocess.SubprocessHook","filename":"subprocess.py","lineno":106}
{"timestamp":"2025-10-11T22:15:14.085285Z","level":"info","event":"\u001b[0m22:15:14    connect_timeout: None","logger":"airflow.task.hooks.airflow.providers.standard.hooks.subprocess.SubprocessHook","filename":"subprocess.py","lineno":106}
{"timestamp":"2025-10-11T22:15:14.086600Z","level":"info","event":"\u001b[0m22:15:14    retry_on_database_errors: False","logger":"airflow.task.hooks.airflow.providers.standard.hooks.subprocess.SubprocessHook","filename":"subprocess.py","lineno":106}
{"timestamp":"2025-10-11T22:15:14.087918Z","level":"info","event":"\u001b[0m22:15:14    retry_all: False","logger":"airflow.task.hooks.airflow.providers.standard.hooks.subprocess.SubprocessHook","filename":"subprocess.py","lineno":106}
{"timestamp":"2025-10-11T22:15:14.089100Z","level":"info","event":"\u001b[0m22:15:14    insecure_mode: False","logger":"airflow.task.hooks.airflow.providers.standard.hooks.subprocess.SubprocessHook","filename":"subprocess.py","lineno":106}
{"timestamp":"2025-10-11T22:15:14.090383Z","level":"info","event":"\u001b[0m22:15:14    reuse_connections: True","logger":"airflow.task.hooks.airflow.providers.standard.hooks.subprocess.SubprocessHook","filename":"subprocess.py","lineno":106}
{"timestamp":"2025-10-11T22:15:14.091629Z","level":"info","event":"\u001b[0m22:15:14    s3_stage_vpce_dns_name: None","logger":"airflow.task.hooks.airflow.providers.standard.hooks.subprocess.SubprocessHook","filename":"subprocess.py","lineno":106}
{"timestamp":"2025-10-11T22:15:14.093438Z","level":"info","event":"\u001b[0m22:15:14  Registered adapter: snowflake=1.10.2","logger":"airflow.task.hooks.airflow.providers.standard.hooks.subprocess.SubprocessHook","filename":"subprocess.py","lineno":106}
{"timestamp":"2025-10-11T22:15:22.588757Z","level":"info","event":"\u001b[0m22:15:22    Connection test: [\u001b[32mOK connection ok\u001b[0m]","logger":"airflow.task.hooks.airflow.providers.standard.hooks.subprocess.SubprocessHook","filename":"subprocess.py","lineno":106}
{"timestamp":"2025-10-11T22:15:22.589160Z","level":"info","event":"","logger":"airflow.task.hooks.airflow.providers.standard.hooks.subprocess.SubprocessHook","filename":"subprocess.py","lineno":106}
{"timestamp":"2025-10-11T22:15:22.591512Z","level":"info","event":"\u001b[0m22:15:22  \u001b[32mAll checks passed!\u001b[0m","logger":"airflow.task.hooks.airflow.providers.standard.hooks.subprocess.SubprocessHook","filename":"subprocess.py","lineno":106}
{"timestamp":"2025-10-11T22:15:25.826906Z","level":"info","event":"Command exited with return code 0","logger":"airflow.task.hooks.airflow.providers.standard.hooks.subprocess.SubprocessHook","filename":"subprocess.py","lineno":110}
{"timestamp":"2025-10-11T22:15:25.831419Z","level":"info","event":"Pushing xcom","ti":"RuntimeTaskInstance(id=UUID('0199d556-d06e-72fe-b4d1-dc490a390286'), task_id='preflight_checks.dbt_deps_install', dag_id='olist_production_pipeline', run_id='manual__2025-10-11T22:14:20.468375+00:00', try_number=1, dag_version_id=UUID('0199d54a-630f-7198-93b3-22f2e9209b42'), map_index=-1, hostname='b1435fd4756a', context_carrier={}, task=<Task(BashOperator): preflight_checks.dbt_deps_install>, bundle_instance=LocalDagBundle(name=dags-folder), max_tries=2, start_date=datetime.datetime(2025, 10, 11, 22, 14, 20, 785105, tzinfo=datetime.timezone.utc), end_date=None, state=<TaskInstanceState.RUNNING: 'running'>, is_mapped=False, rendered_map_index=None)","logger":"task","filename":"task_runner.py","lineno":1352}
{"timestamp":"2025-10-11T22:15:26.304382Z","level":"info","event":"Task instance in success state","logger":"task.stdout"}
{"timestamp":"2025-10-11T22:15:26.305201Z","level":"info","event":" Previous state of the Task instance: TaskInstanceState.RUNNING","logger":"task.stdout"}
{"timestamp":"2025-10-11T22:15:26.306150Z","level":"info","event":"Task operator:<Task(BashOperator): preflight_checks.dbt_deps_install>","logger":"task.stdout"}
