{"timestamp":"2025-10-11T23:05:10.407450Z","level":"info","event":"DAG bundles loaded: dags-folder, example_dags","logger":"airflow.dag_processing.bundles.manager.DagBundlesManager","filename":"manager.py","lineno":179}
{"timestamp":"2025-10-11T23:05:10.426934Z","level":"info","event":"Filling up the DagBag from /opt/airflow/dags/olist_production_dag.py","logger":"airflow.models.dagbag.DagBag","filename":"dagbag.py","lineno":593}
{"timestamp":"2025-10-11T23:05:11.377660Z","level":"info","event":"Task instance is in running state","logger":"task.stdout"}
{"timestamp":"2025-10-11T23:05:11.395003Z","level":"info","event":" Previous state of the Task instance: TaskInstanceState.QUEUED","logger":"task.stdout"}
{"timestamp":"2025-10-11T23:05:11.398082Z","level":"info","event":"Current task name:staging_layer.run_stg_sellers","logger":"task.stdout"}
{"timestamp":"2025-10-11T23:05:11.399377Z","level":"info","event":"Dag name:olist_production_pipeline","logger":"task.stdout"}
{"timestamp":"2025-10-11T23:05:11.407632Z","level":"info","event":"Tmp dir root location: /tmp","logger":"airflow.task.hooks.airflow.providers.standard.hooks.subprocess.SubprocessHook","filename":"subprocess.py","lineno":78}
{"timestamp":"2025-10-11T23:05:11.433835Z","level":"info","event":"Running command: ['/usr/bin/bash', '-c', '\\n        export PATH=/home/airflow/.local/bin:$PATH &&\\n        cd /opt/airflow/dags/olist_dbt_transformation &&\\n        dbt run --select stg_sellers --profiles-dir . --project-dir . --target prod\\n        ']","logger":"airflow.task.hooks.airflow.providers.standard.hooks.subprocess.SubprocessHook","filename":"subprocess.py","lineno":88}
{"timestamp":"2025-10-11T23:05:11.504548Z","level":"info","event":"Output:","logger":"airflow.task.hooks.airflow.providers.standard.hooks.subprocess.SubprocessHook","filename":"subprocess.py","lineno":99}
{"timestamp":"2025-10-11T23:05:26.211677Z","level":"info","event":"\u001b[0m23:05:26  Running with dbt=1.10.13","logger":"airflow.task.hooks.airflow.providers.standard.hooks.subprocess.SubprocessHook","filename":"subprocess.py","lineno":106}
{"timestamp":"2025-10-11T23:05:41.211926Z","level":"info","event":"\u001b[0m23:05:41  Registered adapter: snowflake=1.10.2","logger":"airflow.task.hooks.airflow.providers.standard.hooks.subprocess.SubprocessHook","filename":"subprocess.py","lineno":106}
{"timestamp":"2025-10-11T23:05:43.884696Z","level":"info","event":"\u001b[0m23:05:43  Unable to do partial parsing because config vars, config profile, or config target have changed","logger":"airflow.task.hooks.airflow.providers.standard.hooks.subprocess.SubprocessHook","filename":"subprocess.py","lineno":106}
{"timestamp":"2025-10-11T23:05:43.892916Z","level":"info","event":"\u001b[0m23:05:43  Unable to do partial parsing because profile has changed","logger":"airflow.task.hooks.airflow.providers.standard.hooks.subprocess.SubprocessHook","filename":"subprocess.py","lineno":106}
{"timestamp":"2025-10-11T23:06:27.754857Z","level":"info","event":"\u001b[0m23:06:27  Running in PROD mode - using full data","logger":"airflow.task.hooks.airflow.providers.standard.hooks.subprocess.SubprocessHook","filename":"subprocess.py","lineno":106}
{"timestamp":"2025-10-11T23:06:27.867140Z","level":"info","event":"\u001b[0m23:06:27  Running in PROD mode - using full data","logger":"airflow.task.hooks.airflow.providers.standard.hooks.subprocess.SubprocessHook","filename":"subprocess.py","lineno":106}
{"timestamp":"2025-10-11T23:06:27.914556Z","level":"info","event":"\u001b[0m23:06:27  Running in PROD mode - using full data","logger":"airflow.task.hooks.airflow.providers.standard.hooks.subprocess.SubprocessHook","filename":"subprocess.py","lineno":106}
{"timestamp":"2025-10-11T23:06:28.038357Z","level":"info","event":"\u001b[0m23:06:28  Running in PROD mode - using full data","logger":"airflow.task.hooks.airflow.providers.standard.hooks.subprocess.SubprocessHook","filename":"subprocess.py","lineno":106}
{"timestamp":"2025-10-11T23:06:28.307259Z","level":"info","event":"\u001b[0m23:06:28  Running in PROD mode - using full data","logger":"airflow.task.hooks.airflow.providers.standard.hooks.subprocess.SubprocessHook","filename":"subprocess.py","lineno":106}
{"timestamp":"2025-10-11T23:06:28.626722Z","level":"info","event":"\u001b[0m23:06:28  Running in PROD mode - using full data","logger":"airflow.task.hooks.airflow.providers.standard.hooks.subprocess.SubprocessHook","filename":"subprocess.py","lineno":106}
{"timestamp":"2025-10-11T23:06:28.759395Z","level":"info","event":"\u001b[0m23:06:28  Running in PROD mode - using full data","logger":"airflow.task.hooks.airflow.providers.standard.hooks.subprocess.SubprocessHook","filename":"subprocess.py","lineno":106}
{"timestamp":"2025-10-11T23:06:29.327385Z","level":"info","event":"\u001b[0m23:06:29  Running in PROD mode - using full data","logger":"airflow.task.hooks.airflow.providers.standard.hooks.subprocess.SubprocessHook","filename":"subprocess.py","lineno":106}
{"timestamp":"2025-10-11T23:06:29.536575Z","level":"info","event":"\u001b[0m23:06:29  Running in PROD mode - using full data","logger":"airflow.task.hooks.airflow.providers.standard.hooks.subprocess.SubprocessHook","filename":"subprocess.py","lineno":106}
{"timestamp":"2025-10-11T23:06:33.205778Z","level":"info","event":"\u001b[0m23:06:33  === Starting dbt run in {'account': 'JVQRMFM-GKB40702', 'user': 'sathishthandhari', 'database': 'olist_prod', 'warehouse': 'projects', 'role': 'accountadmin', 'schema': 'staging', 'authenticator': None, 'oauth_client_id': None, 'query_tag': None, 'client_session_keep_alive': False, 'host': None, 'port': None, 'proxy_host': None, 'proxy_port': None, 'protocol': None, 'connect_retries': 1, 'connect_timeout': None, 'retry_on_database_errors': False, 'retry_all': False, 'insecure_mode': False, 'reuse_connections': True, 's3_stage_vpce_dns_name': None, 'type': 'snowflake', 'threads': 8, 'name': 'prod', 'target_name': 'prod', 'profile_name': 'olist_dbt_transformation'} environment ===","logger":"airflow.task.hooks.airflow.providers.standard.hooks.subprocess.SubprocessHook","filename":"subprocess.py","lineno":106}
{"timestamp":"2025-10-11T23:06:33.582543Z","level":"info","event":"\u001b[0m23:06:33  Production run: processing full datasets","logger":"airflow.task.hooks.airflow.providers.standard.hooks.subprocess.SubprocessHook","filename":"subprocess.py","lineno":106}
{"timestamp":"2025-10-11T23:06:33.727767Z","level":"info","event":"\u001b[0m23:06:33  Completed run in {'account': 'JVQRMFM-GKB40702', 'user': 'sathishthandhari', 'database': 'olist_prod', 'warehouse': 'projects', 'role': 'accountadmin', 'schema': 'staging', 'authenticator': None, 'oauth_client_id': None, 'query_tag': None, 'client_session_keep_alive': False, 'host': None, 'port': None, 'proxy_host': None, 'proxy_port': None, 'protocol': None, 'connect_retries': 1, 'connect_timeout': None, 'retry_on_database_errors': False, 'retry_all': False, 'insecure_mode': False, 'reuse_connections': True, 's3_stage_vpce_dns_name': None, 'type': 'snowflake', 'threads': 8, 'name': 'prod', 'target_name': 'prod', 'profile_name': 'olist_dbt_transformation'} environment","logger":"airflow.task.hooks.airflow.providers.standard.hooks.subprocess.SubprocessHook","filename":"subprocess.py","lineno":106}
{"timestamp":"2025-10-11T23:06:45.497277Z","level":"info","event":"\u001b[0m23:06:45  Running in PROD mode - using full data","logger":"airflow.task.hooks.airflow.providers.standard.hooks.subprocess.SubprocessHook","filename":"subprocess.py","lineno":106}
{"timestamp":"2025-10-11T23:06:45.795453Z","level":"info","event":"\u001b[0m23:06:45  Running in PROD mode - using full data","logger":"airflow.task.hooks.airflow.providers.standard.hooks.subprocess.SubprocessHook","filename":"subprocess.py","lineno":106}
{"timestamp":"2025-10-11T23:06:45.984780Z","level":"info","event":"\u001b[0m23:06:45  Running in PROD mode - using full data","logger":"airflow.task.hooks.airflow.providers.standard.hooks.subprocess.SubprocessHook","filename":"subprocess.py","lineno":106}
{"timestamp":"2025-10-11T23:06:46.212043Z","level":"info","event":"\u001b[0m23:06:46  Running in PROD mode - using full data","logger":"airflow.task.hooks.airflow.providers.standard.hooks.subprocess.SubprocessHook","filename":"subprocess.py","lineno":106}
{"timestamp":"2025-10-11T23:06:46.263491Z","level":"info","event":"\u001b[0m23:06:46  Running in PROD mode - using full data","logger":"airflow.task.hooks.airflow.providers.standard.hooks.subprocess.SubprocessHook","filename":"subprocess.py","lineno":106}
{"timestamp":"2025-10-11T23:06:46.731674Z","level":"info","event":"\u001b[0m23:06:46  Running in PROD mode - using full data","logger":"airflow.task.hooks.airflow.providers.standard.hooks.subprocess.SubprocessHook","filename":"subprocess.py","lineno":106}
{"timestamp":"2025-10-11T23:06:46.896529Z","level":"info","event":"\u001b[0m23:06:46  Running in PROD mode - using full data","logger":"airflow.task.hooks.airflow.providers.standard.hooks.subprocess.SubprocessHook","filename":"subprocess.py","lineno":106}
{"timestamp":"2025-10-11T23:06:47.099754Z","level":"info","event":"\u001b[0m23:06:47  Running in PROD mode - using full data","logger":"airflow.task.hooks.airflow.providers.standard.hooks.subprocess.SubprocessHook","filename":"subprocess.py","lineno":106}
{"timestamp":"2025-10-11T23:06:52.916028Z","level":"info","event":"\u001b[0m23:06:52  [\u001b[33mWARNING\u001b[0m]: Configuration paths exist in your dbt_project.yml file which do not apply to any resources.","logger":"airflow.task.hooks.airflow.providers.standard.hooks.subprocess.SubprocessHook","filename":"subprocess.py","lineno":106}
{"timestamp":"2025-10-11T23:06:52.916809Z","level":"info","event":"There are 9 unused configuration paths:","logger":"airflow.task.hooks.airflow.providers.standard.hooks.subprocess.SubprocessHook","filename":"subprocess.py","lineno":106}
{"timestamp":"2025-10-11T23:06:52.917638Z","level":"info","event":"- models.olist_dbt_transformation.marts.finance.marts_payment_method_performance","logger":"airflow.task.hooks.airflow.providers.standard.hooks.subprocess.SubprocessHook","filename":"subprocess.py","lineno":106}
{"timestamp":"2025-10-11T23:06:52.924229Z","level":"info","event":"- models.olist_dbt_transformation.marts.operations.mart_fraud_monitoring","logger":"airflow.task.hooks.airflow.providers.standard.hooks.subprocess.SubprocessHook","filename":"subprocess.py","lineno":106}
{"timestamp":"2025-10-11T23:06:52.925185Z","level":"info","event":"- models.olist_dbt_transformation.marts.operations.mart_logistics_performance","logger":"airflow.task.hooks.airflow.providers.standard.hooks.subprocess.SubprocessHook","filename":"subprocess.py","lineno":106}
{"timestamp":"2025-10-11T23:06:52.925380Z","level":"info","event":"- models.olist_dbt_transformation.marts.finance.marts_unit_economics","logger":"airflow.task.hooks.airflow.providers.standard.hooks.subprocess.SubprocessHook","filename":"subprocess.py","lineno":106}
{"timestamp":"2025-10-11T23:06:52.925508Z","level":"info","event":"- models.olist_dbt_transformation.marts.operations.mart_seller_management","logger":"airflow.task.hooks.airflow.providers.standard.hooks.subprocess.SubprocessHook","filename":"subprocess.py","lineno":106}
{"timestamp":"2025-10-11T23:06:52.925768Z","level":"info","event":"- seeds.olist_analytics","logger":"airflow.task.hooks.airflow.providers.standard.hooks.subprocess.SubprocessHook","filename":"subprocess.py","lineno":106}
{"timestamp":"2025-10-11T23:06:52.925910Z","level":"info","event":"- data_tests.olist_dbt_transformation.generic.expect_foreign_key_relationships_with_context","logger":"airflow.task.hooks.airflow.providers.standard.hooks.subprocess.SubprocessHook","filename":"subprocess.py","lineno":106}
{"timestamp":"2025-10-11T23:06:52.926313Z","level":"info","event":"- data_tests.olist_dbt_transformation.generic.expect_column_pair_values_A_to_be_smaller_than_B","logger":"airflow.task.hooks.airflow.providers.standard.hooks.subprocess.SubprocessHook","filename":"subprocess.py","lineno":106}
{"timestamp":"2025-10-11T23:06:52.926541Z","level":"info","event":"- data_tests.olist_dbt_transformation.generic.expect_z_score_within","logger":"airflow.task.hooks.airflow.providers.standard.hooks.subprocess.SubprocessHook","filename":"subprocess.py","lineno":106}
{"timestamp":"2025-10-11T23:06:55.516058Z","level":"info","event":"\u001b[0m23:06:55  Found 21 models, 3 snapshots, 1 analysis, 3 operations, 113 data tests, 8 sources, 905 macros","logger":"airflow.task.hooks.airflow.providers.standard.hooks.subprocess.SubprocessHook","filename":"subprocess.py","lineno":106}
{"timestamp":"2025-10-11T23:06:55.530883Z","level":"info","event":"\u001b[0m23:06:55","logger":"airflow.task.hooks.airflow.providers.standard.hooks.subprocess.SubprocessHook","filename":"subprocess.py","lineno":106}
{"timestamp":"2025-10-11T23:06:55.532536Z","level":"info","event":"\u001b[0m23:06:55  Concurrency: 8 threads (target='prod')","logger":"airflow.task.hooks.airflow.providers.standard.hooks.subprocess.SubprocessHook","filename":"subprocess.py","lineno":106}
{"timestamp":"2025-10-11T23:06:55.534328Z","level":"info","event":"\u001b[0m23:06:55","logger":"airflow.task.hooks.airflow.providers.standard.hooks.subprocess.SubprocessHook","filename":"subprocess.py","lineno":106}
{"timestamp":"2025-10-11T23:07:01.062930Z","level":"info","event":"\u001b[0m23:07:01  === Starting dbt run in {'account': 'JVQRMFM-GKB40702', 'user': 'sathishthandhari', 'database': 'olist_prod', 'warehouse': 'projects', 'role': 'accountadmin', 'schema': 'staging', 'authenticator': None, 'oauth_client_id': None, 'query_tag': None, 'client_session_keep_alive': False, 'host': None, 'port': None, 'proxy_host': None, 'proxy_port': None, 'protocol': None, 'connect_retries': 1, 'connect_timeout': None, 'retry_on_database_errors': False, 'retry_all': False, 'insecure_mode': False, 'reuse_connections': True, 's3_stage_vpce_dns_name': None, 'type': 'snowflake', 'threads': 8, 'name': 'prod', 'target_name': 'prod', 'profile_name': 'olist_dbt_transformation'} environment ===","logger":"airflow.task.hooks.airflow.providers.standard.hooks.subprocess.SubprocessHook","filename":"subprocess.py","lineno":106}
{"timestamp":"2025-10-11T23:07:01.090653Z","level":"info","event":"\u001b[0m23:07:01  1 of 2 START hook: olist_dbt_transformation.on-run-start.0 ..................... [RUN]","logger":"airflow.task.hooks.airflow.providers.standard.hooks.subprocess.SubprocessHook","filename":"subprocess.py","lineno":106}
{"timestamp":"2025-10-11T23:07:01.114848Z","level":"info","event":"\u001b[0m23:07:01  1 of 2 OK hook: olist_dbt_transformation.on-run-start.0 ........................ [\u001b[32mOK\u001b[0m in 0.15s]","logger":"airflow.task.hooks.airflow.providers.standard.hooks.subprocess.SubprocessHook","filename":"subprocess.py","lineno":106}
{"timestamp":"2025-10-11T23:07:01.183930Z","level":"info","event":"\u001b[0m23:07:01  Production run: processing full datasets","logger":"airflow.task.hooks.airflow.providers.standard.hooks.subprocess.SubprocessHook","filename":"subprocess.py","lineno":106}
{"timestamp":"2025-10-11T23:07:01.342514Z","level":"info","event":"\u001b[0m23:07:01  2 of 2 START hook: olist_dbt_transformation.on-run-start.1 ..................... [RUN]","logger":"airflow.task.hooks.airflow.providers.standard.hooks.subprocess.SubprocessHook","filename":"subprocess.py","lineno":106}
{"timestamp":"2025-10-11T23:07:01.351249Z","level":"info","event":"\u001b[0m23:07:01  2 of 2 OK hook: olist_dbt_transformation.on-run-start.1 ........................ [\u001b[32mOK\u001b[0m in 0.21s]","logger":"airflow.task.hooks.airflow.providers.standard.hooks.subprocess.SubprocessHook","filename":"subprocess.py","lineno":106}
{"timestamp":"2025-10-11T23:07:01.354452Z","level":"info","event":"\u001b[0m23:07:01","logger":"airflow.task.hooks.airflow.providers.standard.hooks.subprocess.SubprocessHook","filename":"subprocess.py","lineno":106}
{"timestamp":"2025-10-11T23:07:01.466257Z","level":"info","event":"\u001b[0m23:07:01  1 of 1 START sql incremental model DBT_OLIST_STAGING.stg_sellers ............... [RUN]","logger":"airflow.task.hooks.airflow.providers.standard.hooks.subprocess.SubprocessHook","filename":"subprocess.py","lineno":106}
{"timestamp":"2025-10-11T23:07:02.043505Z","level":"info","event":"\u001b[0m23:07:02  Running in PROD mode - using full data","logger":"airflow.task.hooks.airflow.providers.standard.hooks.subprocess.SubprocessHook","filename":"subprocess.py","lineno":106}
{"timestamp":"2025-10-11T23:07:02.821261Z","level":"info","event":"\u001b[0m23:07:02  Detected columns with numeric type and unspecified precision/scale, this can lead to unintended rounding: ['business_environment_score', 'data_quality_score']`","logger":"airflow.task.hooks.airflow.providers.standard.hooks.subprocess.SubprocessHook","filename":"subprocess.py","lineno":106}
{"timestamp":"2025-10-11T23:07:09.589219Z","level":"info","event":"\u001b[0m23:07:09  1 of 1 OK created sql incremental model DBT_OLIST_STAGING.stg_sellers .......... [\u001b[32mSUCCESS 0\u001b[0m in 8.06s]","logger":"airflow.task.hooks.airflow.providers.standard.hooks.subprocess.SubprocessHook","filename":"subprocess.py","lineno":106}
{"timestamp":"2025-10-11T23:07:09.633966Z","level":"info","event":"\u001b[0m23:07:09","logger":"airflow.task.hooks.airflow.providers.standard.hooks.subprocess.SubprocessHook","filename":"subprocess.py","lineno":106}
{"timestamp":"2025-10-11T23:07:09.696602Z","level":"info","event":"\u001b[0m23:07:09  Completed run in {'account': 'JVQRMFM-GKB40702', 'user': 'sathishthandhari', 'database': 'olist_prod', 'warehouse': 'projects', 'role': 'accountadmin', 'schema': 'staging', 'authenticator': None, 'oauth_client_id': None, 'query_tag': None, 'client_session_keep_alive': False, 'host': None, 'port': None, 'proxy_host': None, 'proxy_port': None, 'protocol': None, 'connect_retries': 1, 'connect_timeout': None, 'retry_on_database_errors': False, 'retry_all': False, 'insecure_mode': False, 'reuse_connections': True, 's3_stage_vpce_dns_name': None, 'type': 'snowflake', 'threads': 8, 'name': 'prod', 'target_name': 'prod', 'profile_name': 'olist_dbt_transformation'} environment","logger":"airflow.task.hooks.airflow.providers.standard.hooks.subprocess.SubprocessHook","filename":"subprocess.py","lineno":106}
{"timestamp":"2025-10-11T23:07:09.714805Z","level":"info","event":"\u001b[0m23:07:09  1 of 1 START hook: olist_dbt_transformation.on-run-end.0 ....................... [RUN]","logger":"airflow.task.hooks.airflow.providers.standard.hooks.subprocess.SubprocessHook","filename":"subprocess.py","lineno":106}
{"timestamp":"2025-10-11T23:07:09.727618Z","level":"info","event":"\u001b[0m23:07:09  1 of 1 OK hook: olist_dbt_transformation.on-run-end.0 .......................... [\u001b[32mOK\u001b[0m in 0.06s]","logger":"airflow.task.hooks.airflow.providers.standard.hooks.subprocess.SubprocessHook","filename":"subprocess.py","lineno":106}
{"timestamp":"2025-10-11T23:07:13.160294Z","level":"info","event":"\u001b[0m23:07:13","logger":"airflow.task.hooks.airflow.providers.standard.hooks.subprocess.SubprocessHook","filename":"subprocess.py","lineno":106}
{"timestamp":"2025-10-11T23:07:13.165741Z","level":"info","event":"\u001b[0m23:07:13  Finished running 1 incremental model, 3 project hooks in 0 hours 0 minutes and 17.62 seconds (17.62s).","logger":"airflow.task.hooks.airflow.providers.standard.hooks.subprocess.SubprocessHook","filename":"subprocess.py","lineno":106}
{"timestamp":"2025-10-11T23:07:13.582084Z","level":"info","event":"\u001b[0m23:07:13","logger":"airflow.task.hooks.airflow.providers.standard.hooks.subprocess.SubprocessHook","filename":"subprocess.py","lineno":106}
{"timestamp":"2025-10-11T23:07:13.583953Z","level":"info","event":"\u001b[0m23:07:13  \u001b[32mCompleted successfully\u001b[0m","logger":"airflow.task.hooks.airflow.providers.standard.hooks.subprocess.SubprocessHook","filename":"subprocess.py","lineno":106}
{"timestamp":"2025-10-11T23:07:13.585337Z","level":"info","event":"\u001b[0m23:07:13","logger":"airflow.task.hooks.airflow.providers.standard.hooks.subprocess.SubprocessHook","filename":"subprocess.py","lineno":106}
{"timestamp":"2025-10-11T23:07:13.586844Z","level":"info","event":"\u001b[0m23:07:13  Done. PASS=4 WARN=0 ERROR=0 SKIP=0 NO-OP=0 TOTAL=4","logger":"airflow.task.hooks.airflow.providers.standard.hooks.subprocess.SubprocessHook","filename":"subprocess.py","lineno":106}
{"timestamp":"2025-10-11T23:07:19.204826Z","level":"info","event":"Command exited with return code 0","logger":"airflow.task.hooks.airflow.providers.standard.hooks.subprocess.SubprocessHook","filename":"subprocess.py","lineno":110}
{"timestamp":"2025-10-11T23:07:19.219662Z","level":"info","event":"Pushing xcom","ti":"RuntimeTaskInstance(id=UUID('0199d583-d3e4-73b3-9f62-5be7552feed9'), task_id='staging_layer.run_stg_sellers', dag_id='olist_production_pipeline', run_id='manual__2025-10-11T23:03:30.436593+00:00', try_number=1, dag_version_id=UUID('0199d584-36fa-729a-997c-bcc1f095e1af'), map_index=-1, hostname='b1435fd4756a', context_carrier={}, task=<Task(BashOperator): staging_layer.run_stg_sellers>, bundle_instance=LocalDagBundle(name=dags-folder), max_tries=2, start_date=datetime.datetime(2025, 10, 11, 23, 5, 7, 245385, tzinfo=datetime.timezone.utc), end_date=None, state=<TaskInstanceState.RUNNING: 'running'>, is_mapped=False, rendered_map_index=None)","logger":"task","filename":"task_runner.py","lineno":1352}
{"timestamp":"2025-10-11T23:07:19.326558Z","level":"info","event":"Task instance in success state","logger":"task.stdout"}
{"timestamp":"2025-10-11T23:07:19.327288Z","level":"info","event":" Previous state of the Task instance: TaskInstanceState.RUNNING","logger":"task.stdout"}
{"timestamp":"2025-10-11T23:07:19.329372Z","level":"info","event":"Task operator:<Task(BashOperator): staging_layer.run_stg_sellers>","logger":"task.stdout"}
