{"timestamp":"2025-10-11T22:43:46.141143Z","level":"info","event":"DAG bundles loaded: dags-folder, example_dags","logger":"airflow.dag_processing.bundles.manager.DagBundlesManager","filename":"manager.py","lineno":179}
{"timestamp":"2025-10-11T22:43:46.142665Z","level":"info","event":"Filling up the DagBag from /opt/airflow/dags/olist_production_dag.py","logger":"airflow.models.dagbag.DagBag","filename":"dagbag.py","lineno":593}
{"timestamp":"2025-10-11T22:43:46.252407Z","level":"info","event":"Task instance is in running state","logger":"task.stdout"}
{"timestamp":"2025-10-11T22:43:46.253021Z","level":"info","event":" Previous state of the Task instance: TaskInstanceState.QUEUED","logger":"task.stdout"}
{"timestamp":"2025-10-11T22:43:46.253378Z","level":"info","event":"Current task name:staging_layer.run_stg_order_items","logger":"task.stdout"}
{"timestamp":"2025-10-11T22:43:46.253986Z","level":"info","event":"Dag name:olist_production_pipeline","logger":"task.stdout"}
{"timestamp":"2025-10-11T22:43:46.253474Z","level":"info","event":"Tmp dir root location: /tmp","logger":"airflow.task.hooks.airflow.providers.standard.hooks.subprocess.SubprocessHook","filename":"subprocess.py","lineno":78}
{"timestamp":"2025-10-11T22:43:46.254765Z","level":"info","event":"Running command: ['/usr/bin/bash', '-c', '\\n        export PATH=/home/airflow/.local/bin:$PATH &&\\n        cd /opt/airflow/dags/olist_dbt_transformation &&\\n        dbt run --select stg_order_items --profiles-dir . --project-dir . --target prod\\n        ']","logger":"airflow.task.hooks.airflow.providers.standard.hooks.subprocess.SubprocessHook","filename":"subprocess.py","lineno":88}
{"timestamp":"2025-10-11T22:43:46.268197Z","level":"info","event":"Output:","logger":"airflow.task.hooks.airflow.providers.standard.hooks.subprocess.SubprocessHook","filename":"subprocess.py","lineno":99}
{"timestamp":"2025-10-11T22:43:51.564693Z","level":"info","event":"\u001b[0m22:43:51  Running with dbt=1.10.13","logger":"airflow.task.hooks.airflow.providers.standard.hooks.subprocess.SubprocessHook","filename":"subprocess.py","lineno":106}
{"timestamp":"2025-10-11T22:43:53.482817Z","level":"info","event":"\u001b[0m22:43:53  Registered adapter: snowflake=1.10.2","logger":"airflow.task.hooks.airflow.providers.standard.hooks.subprocess.SubprocessHook","filename":"subprocess.py","lineno":106}
{"timestamp":"2025-10-11T22:44:05.926815Z","level":"info","event":"\u001b[0m22:44:05  [\u001b[33mWARNING\u001b[0m]: Configuration paths exist in your dbt_project.yml file which do not apply to any resources.","logger":"airflow.task.hooks.airflow.providers.standard.hooks.subprocess.SubprocessHook","filename":"subprocess.py","lineno":106}
{"timestamp":"2025-10-11T22:44:05.927272Z","level":"info","event":"There are 9 unused configuration paths:","logger":"airflow.task.hooks.airflow.providers.standard.hooks.subprocess.SubprocessHook","filename":"subprocess.py","lineno":106}
{"timestamp":"2025-10-11T22:44:05.927468Z","level":"info","event":"- models.olist_dbt_transformation.marts.operations.mart_fraud_monitoring","logger":"airflow.task.hooks.airflow.providers.standard.hooks.subprocess.SubprocessHook","filename":"subprocess.py","lineno":106}
{"timestamp":"2025-10-11T22:44:05.927591Z","level":"info","event":"- models.olist_dbt_transformation.marts.finance.marts_payment_method_performance","logger":"airflow.task.hooks.airflow.providers.standard.hooks.subprocess.SubprocessHook","filename":"subprocess.py","lineno":106}
{"timestamp":"2025-10-11T22:44:05.927685Z","level":"info","event":"- models.olist_dbt_transformation.marts.operations.mart_logistics_performance","logger":"airflow.task.hooks.airflow.providers.standard.hooks.subprocess.SubprocessHook","filename":"subprocess.py","lineno":106}
{"timestamp":"2025-10-11T22:44:05.927746Z","level":"info","event":"- models.olist_dbt_transformation.marts.finance.marts_unit_economics","logger":"airflow.task.hooks.airflow.providers.standard.hooks.subprocess.SubprocessHook","filename":"subprocess.py","lineno":106}
{"timestamp":"2025-10-11T22:44:05.927804Z","level":"info","event":"- models.olist_dbt_transformation.marts.operations.mart_seller_management","logger":"airflow.task.hooks.airflow.providers.standard.hooks.subprocess.SubprocessHook","filename":"subprocess.py","lineno":106}
{"timestamp":"2025-10-11T22:44:05.927856Z","level":"info","event":"- seeds.olist_analytics","logger":"airflow.task.hooks.airflow.providers.standard.hooks.subprocess.SubprocessHook","filename":"subprocess.py","lineno":106}
{"timestamp":"2025-10-11T22:44:05.927904Z","level":"info","event":"- data_tests.olist_dbt_transformation.generic.expect_column_pair_values_A_to_be_smaller_than_B","logger":"airflow.task.hooks.airflow.providers.standard.hooks.subprocess.SubprocessHook","filename":"subprocess.py","lineno":106}
{"timestamp":"2025-10-11T22:44:05.927958Z","level":"info","event":"- data_tests.olist_dbt_transformation.generic.expect_z_score_within","logger":"airflow.task.hooks.airflow.providers.standard.hooks.subprocess.SubprocessHook","filename":"subprocess.py","lineno":106}
{"timestamp":"2025-10-11T22:44:05.928011Z","level":"info","event":"- data_tests.olist_dbt_transformation.generic.expect_foreign_key_relationships_with_context","logger":"airflow.task.hooks.airflow.providers.standard.hooks.subprocess.SubprocessHook","filename":"subprocess.py","lineno":106}
{"timestamp":"2025-10-11T22:44:06.868643Z","level":"info","event":"\u001b[0m22:44:06  Found 21 models, 3 snapshots, 1 analysis, 3 operations, 113 data tests, 8 sources, 905 macros","logger":"airflow.task.hooks.airflow.providers.standard.hooks.subprocess.SubprocessHook","filename":"subprocess.py","lineno":106}
{"timestamp":"2025-10-11T22:44:06.882763Z","level":"info","event":"\u001b[0m22:44:06","logger":"airflow.task.hooks.airflow.providers.standard.hooks.subprocess.SubprocessHook","filename":"subprocess.py","lineno":106}
{"timestamp":"2025-10-11T22:44:06.885113Z","level":"info","event":"\u001b[0m22:44:06  Concurrency: 8 threads (target='prod')","logger":"airflow.task.hooks.airflow.providers.standard.hooks.subprocess.SubprocessHook","filename":"subprocess.py","lineno":106}
{"timestamp":"2025-10-11T22:44:06.886996Z","level":"info","event":"\u001b[0m22:44:06","logger":"airflow.task.hooks.airflow.providers.standard.hooks.subprocess.SubprocessHook","filename":"subprocess.py","lineno":106}
{"timestamp":"2025-10-11T22:44:10.941924Z","level":"info","event":"\u001b[0m22:44:10  === Starting dbt run in {'account': 'JVQRMFM-GKB40702', 'user': 'sathishthandhari', 'database': 'olist_prod', 'warehouse': 'projects', 'role': 'accountadmin', 'schema': 'staging', 'authenticator': None, 'oauth_client_id': None, 'query_tag': None, 'client_session_keep_alive': False, 'host': None, 'port': None, 'proxy_host': None, 'proxy_port': None, 'protocol': None, 'connect_retries': 1, 'connect_timeout': None, 'retry_on_database_errors': False, 'retry_all': False, 'insecure_mode': False, 'reuse_connections': True, 's3_stage_vpce_dns_name': None, 'type': 'snowflake', 'threads': 8, 'name': 'prod', 'target_name': 'prod', 'profile_name': 'olist_dbt_transformation'} environment ===","logger":"airflow.task.hooks.airflow.providers.standard.hooks.subprocess.SubprocessHook","filename":"subprocess.py","lineno":106}
{"timestamp":"2025-10-11T22:44:10.956236Z","level":"info","event":"\u001b[0m22:44:10  1 of 2 START hook: olist_dbt_transformation.on-run-start.0 ..................... [RUN]","logger":"airflow.task.hooks.airflow.providers.standard.hooks.subprocess.SubprocessHook","filename":"subprocess.py","lineno":106}
{"timestamp":"2025-10-11T22:44:10.958181Z","level":"info","event":"\u001b[0m22:44:10  1 of 2 OK hook: olist_dbt_transformation.on-run-start.0 ........................ [\u001b[32mOK\u001b[0m in 0.03s]","logger":"airflow.task.hooks.airflow.providers.standard.hooks.subprocess.SubprocessHook","filename":"subprocess.py","lineno":106}
{"timestamp":"2025-10-11T22:44:10.973163Z","level":"info","event":"\u001b[0m22:44:10  Production run: processing full datasets","logger":"airflow.task.hooks.airflow.providers.standard.hooks.subprocess.SubprocessHook","filename":"subprocess.py","lineno":106}
{"timestamp":"2025-10-11T22:44:10.999962Z","level":"info","event":"\u001b[0m22:44:10  2 of 2 START hook: olist_dbt_transformation.on-run-start.1 ..................... [RUN]","logger":"airflow.task.hooks.airflow.providers.standard.hooks.subprocess.SubprocessHook","filename":"subprocess.py","lineno":106}
{"timestamp":"2025-10-11T22:44:11.002084Z","level":"info","event":"\u001b[0m22:44:11  2 of 2 OK hook: olist_dbt_transformation.on-run-start.1 ........................ [\u001b[32mOK\u001b[0m in 0.04s]","logger":"airflow.task.hooks.airflow.providers.standard.hooks.subprocess.SubprocessHook","filename":"subprocess.py","lineno":106}
{"timestamp":"2025-10-11T22:44:11.004287Z","level":"info","event":"\u001b[0m22:44:11","logger":"airflow.task.hooks.airflow.providers.standard.hooks.subprocess.SubprocessHook","filename":"subprocess.py","lineno":106}
{"timestamp":"2025-10-11T22:44:11.023700Z","level":"info","event":"\u001b[0m22:44:11  1 of 1 START sql incremental model DBT_OLIST_STAGING.stg_order_items ........... [RUN]","logger":"airflow.task.hooks.airflow.providers.standard.hooks.subprocess.SubprocessHook","filename":"subprocess.py","lineno":106}
{"timestamp":"2025-10-11T22:44:11.222166Z","level":"info","event":"\u001b[0m22:44:11  Running in PROD mode - using full data","logger":"airflow.task.hooks.airflow.providers.standard.hooks.subprocess.SubprocessHook","filename":"subprocess.py","lineno":106}
{"timestamp":"2025-10-11T22:44:11.831801Z","level":"info","event":"\u001b[0m22:44:11  Detected columns with numeric type and unspecified precision/scale, this can lead to unintended rounding: ['item_price', 'freight_value', 'total_item_value', 'data_quality_score']`","logger":"airflow.task.hooks.airflow.providers.standard.hooks.subprocess.SubprocessHook","filename":"subprocess.py","lineno":106}
{"timestamp":"2025-10-11T22:44:20.955257Z","level":"info","event":"\u001b[0m22:44:20  1 of 1 OK created sql incremental model DBT_OLIST_STAGING.stg_order_items ...... [\u001b[32mSUCCESS 0\u001b[0m in 9.93s]","logger":"airflow.task.hooks.airflow.providers.standard.hooks.subprocess.SubprocessHook","filename":"subprocess.py","lineno":106}
{"timestamp":"2025-10-11T22:44:20.962410Z","level":"info","event":"\u001b[0m22:44:20","logger":"airflow.task.hooks.airflow.providers.standard.hooks.subprocess.SubprocessHook","filename":"subprocess.py","lineno":106}
{"timestamp":"2025-10-11T22:44:20.968105Z","level":"info","event":"\u001b[0m22:44:20  Completed run in {'account': 'JVQRMFM-GKB40702', 'user': 'sathishthandhari', 'database': 'olist_prod', 'warehouse': 'projects', 'role': 'accountadmin', 'schema': 'staging', 'authenticator': None, 'oauth_client_id': None, 'query_tag': None, 'client_session_keep_alive': False, 'host': None, 'port': None, 'proxy_host': None, 'proxy_port': None, 'protocol': None, 'connect_retries': 1, 'connect_timeout': None, 'retry_on_database_errors': False, 'retry_all': False, 'insecure_mode': False, 'reuse_connections': True, 's3_stage_vpce_dns_name': None, 'type': 'snowflake', 'threads': 8, 'name': 'prod', 'target_name': 'prod', 'profile_name': 'olist_dbt_transformation'} environment","logger":"airflow.task.hooks.airflow.providers.standard.hooks.subprocess.SubprocessHook","filename":"subprocess.py","lineno":106}
{"timestamp":"2025-10-11T22:44:20.970684Z","level":"info","event":"\u001b[0m22:44:20  1 of 1 START hook: olist_dbt_transformation.on-run-end.0 ....................... [RUN]","logger":"airflow.task.hooks.airflow.providers.standard.hooks.subprocess.SubprocessHook","filename":"subprocess.py","lineno":106}
{"timestamp":"2025-10-11T22:44:20.972648Z","level":"info","event":"\u001b[0m22:44:20  1 of 1 OK hook: olist_dbt_transformation.on-run-end.0 .......................... [\u001b[32mOK\u001b[0m in 0.01s]","logger":"airflow.task.hooks.airflow.providers.standard.hooks.subprocess.SubprocessHook","filename":"subprocess.py","lineno":106}
{"timestamp":"2025-10-11T22:44:24.405623Z","level":"info","event":"\u001b[0m22:44:24","logger":"airflow.task.hooks.airflow.providers.standard.hooks.subprocess.SubprocessHook","filename":"subprocess.py","lineno":106}
{"timestamp":"2025-10-11T22:44:24.406731Z","level":"info","event":"\u001b[0m22:44:24  Finished running 1 incremental model, 3 project hooks in 0 hours 0 minutes and 17.52 seconds (17.52s).","logger":"airflow.task.hooks.airflow.providers.standard.hooks.subprocess.SubprocessHook","filename":"subprocess.py","lineno":106}
{"timestamp":"2025-10-11T22:44:24.856903Z","level":"info","event":"\u001b[0m22:44:24","logger":"airflow.task.hooks.airflow.providers.standard.hooks.subprocess.SubprocessHook","filename":"subprocess.py","lineno":106}
{"timestamp":"2025-10-11T22:44:24.860357Z","level":"info","event":"\u001b[0m22:44:24  \u001b[32mCompleted successfully\u001b[0m","logger":"airflow.task.hooks.airflow.providers.standard.hooks.subprocess.SubprocessHook","filename":"subprocess.py","lineno":106}
{"timestamp":"2025-10-11T22:44:24.862265Z","level":"info","event":"\u001b[0m22:44:24","logger":"airflow.task.hooks.airflow.providers.standard.hooks.subprocess.SubprocessHook","filename":"subprocess.py","lineno":106}
{"timestamp":"2025-10-11T22:44:24.864880Z","level":"info","event":"\u001b[0m22:44:24  Done. PASS=4 WARN=0 ERROR=0 SKIP=0 NO-OP=0 TOTAL=4","logger":"airflow.task.hooks.airflow.providers.standard.hooks.subprocess.SubprocessHook","filename":"subprocess.py","lineno":106}
{"timestamp":"2025-10-11T22:44:26.849081Z","level":"info","event":"Command exited with return code 0","logger":"airflow.task.hooks.airflow.providers.standard.hooks.subprocess.SubprocessHook","filename":"subprocess.py","lineno":110}
{"timestamp":"2025-10-11T22:44:26.852062Z","level":"info","event":"Pushing xcom","ti":"RuntimeTaskInstance(id=UUID('0199d570-6cec-74ad-bc3b-02db523ce23e'), task_id='staging_layer.run_stg_order_items', dag_id='olist_production_pipeline', run_id='manual__2025-10-11T22:36:21.874467+00:00', try_number=1, dag_version_id=UUID('0199d570-11dc-772d-9776-936fc2afa5b9'), map_index=-1, hostname='b1435fd4756a', context_carrier={}, task=<Task(BashOperator): staging_layer.run_stg_order_items>, bundle_instance=LocalDagBundle(name=dags-folder), max_tries=2, start_date=datetime.datetime(2025, 10, 11, 22, 43, 45, 574427, tzinfo=datetime.timezone.utc), end_date=None, state=<TaskInstanceState.RUNNING: 'running'>, is_mapped=False, rendered_map_index=None)","logger":"task","filename":"task_runner.py","lineno":1352}
{"timestamp":"2025-10-11T22:44:26.951572Z","level":"info","event":"Task instance in success state","logger":"task.stdout"}
{"timestamp":"2025-10-11T22:44:26.952373Z","level":"info","event":" Previous state of the Task instance: TaskInstanceState.RUNNING","logger":"task.stdout"}
{"timestamp":"2025-10-11T22:44:26.958476Z","level":"info","event":"Task operator:<Task(BashOperator): staging_layer.run_stg_order_items>","logger":"task.stdout"}
