{"timestamp":"2025-10-11T23:05:10.688997Z","level":"info","event":"DAG bundles loaded: dags-folder, example_dags","logger":"airflow.dag_processing.bundles.manager.DagBundlesManager","filename":"manager.py","lineno":179}
{"timestamp":"2025-10-11T23:05:10.698293Z","level":"info","event":"Filling up the DagBag from /opt/airflow/dags/olist_production_dag.py","logger":"airflow.models.dagbag.DagBag","filename":"dagbag.py","lineno":593}
{"timestamp":"2025-10-11T23:05:11.388443Z","level":"info","event":"Task instance is in running state","logger":"task.stdout"}
{"timestamp":"2025-10-11T23:05:11.396465Z","level":"info","event":" Previous state of the Task instance: TaskInstanceState.QUEUED","logger":"task.stdout"}
{"timestamp":"2025-10-11T23:05:11.398572Z","level":"info","event":"Current task name:staging_layer.run_stg_geolocation","logger":"task.stdout"}
{"timestamp":"2025-10-11T23:05:11.399744Z","level":"info","event":"Dag name:olist_production_pipeline","logger":"task.stdout"}
{"timestamp":"2025-10-11T23:05:11.404914Z","level":"info","event":"Tmp dir root location: /tmp","logger":"airflow.task.hooks.airflow.providers.standard.hooks.subprocess.SubprocessHook","filename":"subprocess.py","lineno":78}
{"timestamp":"2025-10-11T23:05:11.429812Z","level":"info","event":"Running command: ['/usr/bin/bash', '-c', '\\n        export PATH=/home/airflow/.local/bin:$PATH &&\\n        cd /opt/airflow/dags/olist_dbt_transformation &&\\n        dbt run --select stg_geolocation --profiles-dir . --project-dir . --target prod\\n        ']","logger":"airflow.task.hooks.airflow.providers.standard.hooks.subprocess.SubprocessHook","filename":"subprocess.py","lineno":88}
{"timestamp":"2025-10-11T23:05:11.478822Z","level":"info","event":"Output:","logger":"airflow.task.hooks.airflow.providers.standard.hooks.subprocess.SubprocessHook","filename":"subprocess.py","lineno":99}
{"timestamp":"2025-10-11T23:05:25.984693Z","level":"info","event":"\u001b[0m23:05:25  Running with dbt=1.10.13","logger":"airflow.task.hooks.airflow.providers.standard.hooks.subprocess.SubprocessHook","filename":"subprocess.py","lineno":106}
{"timestamp":"2025-10-11T23:05:34.588180Z","level":"info","event":"\u001b[0m23:05:34  Registered adapter: snowflake=1.10.2","logger":"airflow.task.hooks.airflow.providers.standard.hooks.subprocess.SubprocessHook","filename":"subprocess.py","lineno":106}
{"timestamp":"2025-10-11T23:05:41.915311Z","level":"info","event":"\u001b[0m23:05:41  Unable to do partial parsing because config vars, config profile, or config target have changed","logger":"airflow.task.hooks.airflow.providers.standard.hooks.subprocess.SubprocessHook","filename":"subprocess.py","lineno":106}
{"timestamp":"2025-10-11T23:05:41.953639Z","level":"info","event":"\u001b[0m23:05:41  Unable to do partial parsing because profile has changed","logger":"airflow.task.hooks.airflow.providers.standard.hooks.subprocess.SubprocessHook","filename":"subprocess.py","lineno":106}
{"timestamp":"2025-10-11T23:06:13.352279Z","level":"info","event":"\u001b[0m23:06:13  Running in PROD mode - using full data","logger":"airflow.task.hooks.airflow.providers.standard.hooks.subprocess.SubprocessHook","filename":"subprocess.py","lineno":106}
{"timestamp":"2025-10-11T23:06:13.418933Z","level":"info","event":"\u001b[0m23:06:13  Running in PROD mode - using full data","logger":"airflow.task.hooks.airflow.providers.standard.hooks.subprocess.SubprocessHook","filename":"subprocess.py","lineno":106}
{"timestamp":"2025-10-11T23:06:13.879280Z","level":"info","event":"\u001b[0m23:06:13  Running in PROD mode - using full data","logger":"airflow.task.hooks.airflow.providers.standard.hooks.subprocess.SubprocessHook","filename":"subprocess.py","lineno":106}
{"timestamp":"2025-10-11T23:06:14.390580Z","level":"info","event":"\u001b[0m23:06:14  Running in PROD mode - using full data","logger":"airflow.task.hooks.airflow.providers.standard.hooks.subprocess.SubprocessHook","filename":"subprocess.py","lineno":106}
{"timestamp":"2025-10-11T23:06:14.587415Z","level":"info","event":"\u001b[0m23:06:14  Running in PROD mode - using full data","logger":"airflow.task.hooks.airflow.providers.standard.hooks.subprocess.SubprocessHook","filename":"subprocess.py","lineno":106}
{"timestamp":"2025-10-11T23:06:14.731449Z","level":"info","event":"\u001b[0m23:06:14  Running in PROD mode - using full data","logger":"airflow.task.hooks.airflow.providers.standard.hooks.subprocess.SubprocessHook","filename":"subprocess.py","lineno":106}
{"timestamp":"2025-10-11T23:06:14.869883Z","level":"info","event":"\u001b[0m23:06:14  Running in PROD mode - using full data","logger":"airflow.task.hooks.airflow.providers.standard.hooks.subprocess.SubprocessHook","filename":"subprocess.py","lineno":106}
{"timestamp":"2025-10-11T23:06:14.917283Z","level":"info","event":"\u001b[0m23:06:14  Running in PROD mode - using full data","logger":"airflow.task.hooks.airflow.providers.standard.hooks.subprocess.SubprocessHook","filename":"subprocess.py","lineno":106}
{"timestamp":"2025-10-11T23:06:14.954452Z","level":"info","event":"\u001b[0m23:06:14  Running in PROD mode - using full data","logger":"airflow.task.hooks.airflow.providers.standard.hooks.subprocess.SubprocessHook","filename":"subprocess.py","lineno":106}
{"timestamp":"2025-10-11T23:06:19.224968Z","level":"info","event":"\u001b[0m23:06:19  === Starting dbt run in {'account': 'JVQRMFM-GKB40702', 'user': 'sathishthandhari', 'database': 'olist_prod', 'warehouse': 'projects', 'role': 'accountadmin', 'schema': 'staging', 'authenticator': None, 'oauth_client_id': None, 'query_tag': None, 'client_session_keep_alive': False, 'host': None, 'port': None, 'proxy_host': None, 'proxy_port': None, 'protocol': None, 'connect_retries': 1, 'connect_timeout': None, 'retry_on_database_errors': False, 'retry_all': False, 'insecure_mode': False, 'reuse_connections': True, 's3_stage_vpce_dns_name': None, 'type': 'snowflake', 'threads': 8, 'name': 'prod', 'target_name': 'prod', 'profile_name': 'olist_dbt_transformation'} environment ===","logger":"airflow.task.hooks.airflow.providers.standard.hooks.subprocess.SubprocessHook","filename":"subprocess.py","lineno":106}
{"timestamp":"2025-10-11T23:06:19.404618Z","level":"info","event":"\u001b[0m23:06:19  Production run: processing full datasets","logger":"airflow.task.hooks.airflow.providers.standard.hooks.subprocess.SubprocessHook","filename":"subprocess.py","lineno":106}
{"timestamp":"2025-10-11T23:06:19.475075Z","level":"info","event":"\u001b[0m23:06:19  Completed run in {'account': 'JVQRMFM-GKB40702', 'user': 'sathishthandhari', 'database': 'olist_prod', 'warehouse': 'projects', 'role': 'accountadmin', 'schema': 'staging', 'authenticator': None, 'oauth_client_id': None, 'query_tag': None, 'client_session_keep_alive': False, 'host': None, 'port': None, 'proxy_host': None, 'proxy_port': None, 'protocol': None, 'connect_retries': 1, 'connect_timeout': None, 'retry_on_database_errors': False, 'retry_all': False, 'insecure_mode': False, 'reuse_connections': True, 's3_stage_vpce_dns_name': None, 'type': 'snowflake', 'threads': 8, 'name': 'prod', 'target_name': 'prod', 'profile_name': 'olist_dbt_transformation'} environment","logger":"airflow.task.hooks.airflow.providers.standard.hooks.subprocess.SubprocessHook","filename":"subprocess.py","lineno":106}
{"timestamp":"2025-10-11T23:06:24.876277Z","level":"info","event":"\u001b[0m23:06:24  Running in PROD mode - using full data","logger":"airflow.task.hooks.airflow.providers.standard.hooks.subprocess.SubprocessHook","filename":"subprocess.py","lineno":106}
{"timestamp":"2025-10-11T23:06:25.115478Z","level":"info","event":"\u001b[0m23:06:25  Running in PROD mode - using full data","logger":"airflow.task.hooks.airflow.providers.standard.hooks.subprocess.SubprocessHook","filename":"subprocess.py","lineno":106}
{"timestamp":"2025-10-11T23:06:25.272077Z","level":"info","event":"\u001b[0m23:06:25  Running in PROD mode - using full data","logger":"airflow.task.hooks.airflow.providers.standard.hooks.subprocess.SubprocessHook","filename":"subprocess.py","lineno":106}
{"timestamp":"2025-10-11T23:06:25.443480Z","level":"info","event":"\u001b[0m23:06:25  Running in PROD mode - using full data","logger":"airflow.task.hooks.airflow.providers.standard.hooks.subprocess.SubprocessHook","filename":"subprocess.py","lineno":106}
{"timestamp":"2025-10-11T23:06:25.526625Z","level":"info","event":"\u001b[0m23:06:25  Running in PROD mode - using full data","logger":"airflow.task.hooks.airflow.providers.standard.hooks.subprocess.SubprocessHook","filename":"subprocess.py","lineno":106}
{"timestamp":"2025-10-11T23:06:25.713874Z","level":"info","event":"\u001b[0m23:06:25  Running in PROD mode - using full data","logger":"airflow.task.hooks.airflow.providers.standard.hooks.subprocess.SubprocessHook","filename":"subprocess.py","lineno":106}
{"timestamp":"2025-10-11T23:06:25.964731Z","level":"info","event":"\u001b[0m23:06:25  Running in PROD mode - using full data","logger":"airflow.task.hooks.airflow.providers.standard.hooks.subprocess.SubprocessHook","filename":"subprocess.py","lineno":106}
{"timestamp":"2025-10-11T23:06:26.187093Z","level":"info","event":"\u001b[0m23:06:26  Running in PROD mode - using full data","logger":"airflow.task.hooks.airflow.providers.standard.hooks.subprocess.SubprocessHook","filename":"subprocess.py","lineno":106}
{"timestamp":"2025-10-11T23:06:29.935436Z","level":"info","event":"\u001b[0m23:06:29  [\u001b[33mWARNING\u001b[0m]: Configuration paths exist in your dbt_project.yml file which do not apply to any resources.","logger":"airflow.task.hooks.airflow.providers.standard.hooks.subprocess.SubprocessHook","filename":"subprocess.py","lineno":106}
{"timestamp":"2025-10-11T23:06:29.935819Z","level":"info","event":"There are 9 unused configuration paths:","logger":"airflow.task.hooks.airflow.providers.standard.hooks.subprocess.SubprocessHook","filename":"subprocess.py","lineno":106}
{"timestamp":"2025-10-11T23:06:29.936017Z","level":"info","event":"- models.olist_dbt_transformation.marts.operations.mart_fraud_monitoring","logger":"airflow.task.hooks.airflow.providers.standard.hooks.subprocess.SubprocessHook","filename":"subprocess.py","lineno":106}
{"timestamp":"2025-10-11T23:06:29.936164Z","level":"info","event":"- models.olist_dbt_transformation.marts.operations.mart_logistics_performance","logger":"airflow.task.hooks.airflow.providers.standard.hooks.subprocess.SubprocessHook","filename":"subprocess.py","lineno":106}
{"timestamp":"2025-10-11T23:06:29.936281Z","level":"info","event":"- models.olist_dbt_transformation.marts.finance.marts_payment_method_performance","logger":"airflow.task.hooks.airflow.providers.standard.hooks.subprocess.SubprocessHook","filename":"subprocess.py","lineno":106}
{"timestamp":"2025-10-11T23:06:29.936401Z","level":"info","event":"- models.olist_dbt_transformation.marts.operations.mart_seller_management","logger":"airflow.task.hooks.airflow.providers.standard.hooks.subprocess.SubprocessHook","filename":"subprocess.py","lineno":106}
{"timestamp":"2025-10-11T23:06:29.936501Z","level":"info","event":"- models.olist_dbt_transformation.marts.finance.marts_unit_economics","logger":"airflow.task.hooks.airflow.providers.standard.hooks.subprocess.SubprocessHook","filename":"subprocess.py","lineno":106}
{"timestamp":"2025-10-11T23:06:29.936586Z","level":"info","event":"- seeds.olist_analytics","logger":"airflow.task.hooks.airflow.providers.standard.hooks.subprocess.SubprocessHook","filename":"subprocess.py","lineno":106}
{"timestamp":"2025-10-11T23:06:29.936667Z","level":"info","event":"- data_tests.olist_dbt_transformation.generic.expect_z_score_within","logger":"airflow.task.hooks.airflow.providers.standard.hooks.subprocess.SubprocessHook","filename":"subprocess.py","lineno":106}
{"timestamp":"2025-10-11T23:06:29.936749Z","level":"info","event":"- data_tests.olist_dbt_transformation.generic.expect_column_pair_values_A_to_be_smaller_than_B","logger":"airflow.task.hooks.airflow.providers.standard.hooks.subprocess.SubprocessHook","filename":"subprocess.py","lineno":106}
{"timestamp":"2025-10-11T23:06:29.936890Z","level":"info","event":"- data_tests.olist_dbt_transformation.generic.expect_foreign_key_relationships_with_context","logger":"airflow.task.hooks.airflow.providers.standard.hooks.subprocess.SubprocessHook","filename":"subprocess.py","lineno":106}
{"timestamp":"2025-10-11T23:06:33.515728Z","level":"info","event":"\u001b[0m23:06:33  Found 21 models, 3 snapshots, 1 analysis, 3 operations, 113 data tests, 8 sources, 905 macros","logger":"airflow.task.hooks.airflow.providers.standard.hooks.subprocess.SubprocessHook","filename":"subprocess.py","lineno":106}
{"timestamp":"2025-10-11T23:06:33.580536Z","level":"info","event":"\u001b[0m23:06:33","logger":"airflow.task.hooks.airflow.providers.standard.hooks.subprocess.SubprocessHook","filename":"subprocess.py","lineno":106}
{"timestamp":"2025-10-11T23:06:33.591786Z","level":"info","event":"\u001b[0m23:06:33  Concurrency: 8 threads (target='prod')","logger":"airflow.task.hooks.airflow.providers.standard.hooks.subprocess.SubprocessHook","filename":"subprocess.py","lineno":106}
{"timestamp":"2025-10-11T23:06:33.599287Z","level":"info","event":"\u001b[0m23:06:33","logger":"airflow.task.hooks.airflow.providers.standard.hooks.subprocess.SubprocessHook","filename":"subprocess.py","lineno":106}
{"timestamp":"2025-10-11T23:06:52.720413Z","level":"info","event":"\u001b[0m23:06:52  === Starting dbt run in {'account': 'JVQRMFM-GKB40702', 'user': 'sathishthandhari', 'database': 'olist_prod', 'warehouse': 'projects', 'role': 'accountadmin', 'schema': 'staging', 'authenticator': None, 'oauth_client_id': None, 'query_tag': None, 'client_session_keep_alive': False, 'host': None, 'port': None, 'proxy_host': None, 'proxy_port': None, 'protocol': None, 'connect_retries': 1, 'connect_timeout': None, 'retry_on_database_errors': False, 'retry_all': False, 'insecure_mode': False, 'reuse_connections': True, 's3_stage_vpce_dns_name': None, 'type': 'snowflake', 'threads': 8, 'name': 'prod', 'target_name': 'prod', 'profile_name': 'olist_dbt_transformation'} environment ===","logger":"airflow.task.hooks.airflow.providers.standard.hooks.subprocess.SubprocessHook","filename":"subprocess.py","lineno":106}
{"timestamp":"2025-10-11T23:06:52.849376Z","level":"info","event":"\u001b[0m23:06:52  1 of 2 START hook: olist_dbt_transformation.on-run-start.0 ..................... [RUN]","logger":"airflow.task.hooks.airflow.providers.standard.hooks.subprocess.SubprocessHook","filename":"subprocess.py","lineno":106}
{"timestamp":"2025-10-11T23:06:52.861326Z","level":"info","event":"\u001b[0m23:06:52  1 of 2 OK hook: olist_dbt_transformation.on-run-start.0 ........................ [\u001b[32mOK\u001b[0m in 0.50s]","logger":"airflow.task.hooks.airflow.providers.standard.hooks.subprocess.SubprocessHook","filename":"subprocess.py","lineno":106}
{"timestamp":"2025-10-11T23:06:52.899308Z","level":"info","event":"\u001b[0m23:06:52  Production run: processing full datasets","logger":"airflow.task.hooks.airflow.providers.standard.hooks.subprocess.SubprocessHook","filename":"subprocess.py","lineno":106}
{"timestamp":"2025-10-11T23:06:52.944021Z","level":"info","event":"\u001b[0m23:06:52  2 of 2 START hook: olist_dbt_transformation.on-run-start.1 ..................... [RUN]","logger":"airflow.task.hooks.airflow.providers.standard.hooks.subprocess.SubprocessHook","filename":"subprocess.py","lineno":106}
{"timestamp":"2025-10-11T23:06:52.960995Z","level":"info","event":"\u001b[0m23:06:52  2 of 2 OK hook: olist_dbt_transformation.on-run-start.1 ........................ [\u001b[32mOK\u001b[0m in 0.08s]","logger":"airflow.task.hooks.airflow.providers.standard.hooks.subprocess.SubprocessHook","filename":"subprocess.py","lineno":106}
{"timestamp":"2025-10-11T23:06:52.978492Z","level":"info","event":"\u001b[0m23:06:52","logger":"airflow.task.hooks.airflow.providers.standard.hooks.subprocess.SubprocessHook","filename":"subprocess.py","lineno":106}
{"timestamp":"2025-10-11T23:06:53.062136Z","level":"info","event":"\u001b[0m23:06:53  1 of 1 START sql incremental model DBT_OLIST_STAGING.stg_geolocation ........... [RUN]","logger":"airflow.task.hooks.airflow.providers.standard.hooks.subprocess.SubprocessHook","filename":"subprocess.py","lineno":106}
{"timestamp":"2025-10-11T23:06:53.923552Z","level":"info","event":"\u001b[0m23:06:53  Running in PROD mode - using full data","logger":"airflow.task.hooks.airflow.providers.standard.hooks.subprocess.SubprocessHook","filename":"subprocess.py","lineno":106}
{"timestamp":"2025-10-11T23:06:55.079848Z","level":"info","event":"\u001b[0m23:06:55  Detected columns with numeric type and unspecified precision/scale, this can lead to unintended rounding: ['data_quality_score', 'occurrence_count']`","logger":"airflow.task.hooks.airflow.providers.standard.hooks.subprocess.SubprocessHook","filename":"subprocess.py","lineno":106}
{"timestamp":"2025-10-11T23:07:00.961923Z","level":"info","event":"\u001b[0m23:07:00  1 of 1 OK created sql incremental model DBT_OLIST_STAGING.stg_geolocation ...... [\u001b[32mSUCCESS 19008\u001b[0m in 7.86s]","logger":"airflow.task.hooks.airflow.providers.standard.hooks.subprocess.SubprocessHook","filename":"subprocess.py","lineno":106}
{"timestamp":"2025-10-11T23:07:01.054216Z","level":"info","event":"\u001b[0m23:07:01","logger":"airflow.task.hooks.airflow.providers.standard.hooks.subprocess.SubprocessHook","filename":"subprocess.py","lineno":106}
{"timestamp":"2025-10-11T23:07:01.107519Z","level":"info","event":"\u001b[0m23:07:01  Completed run in {'account': 'JVQRMFM-GKB40702', 'user': 'sathishthandhari', 'database': 'olist_prod', 'warehouse': 'projects', 'role': 'accountadmin', 'schema': 'staging', 'authenticator': None, 'oauth_client_id': None, 'query_tag': None, 'client_session_keep_alive': False, 'host': None, 'port': None, 'proxy_host': None, 'proxy_port': None, 'protocol': None, 'connect_retries': 1, 'connect_timeout': None, 'retry_on_database_errors': False, 'retry_all': False, 'insecure_mode': False, 'reuse_connections': True, 's3_stage_vpce_dns_name': None, 'type': 'snowflake', 'threads': 8, 'name': 'prod', 'target_name': 'prod', 'profile_name': 'olist_dbt_transformation'} environment","logger":"airflow.task.hooks.airflow.providers.standard.hooks.subprocess.SubprocessHook","filename":"subprocess.py","lineno":106}
{"timestamp":"2025-10-11T23:07:01.135315Z","level":"info","event":"\u001b[0m23:07:01  1 of 1 START hook: olist_dbt_transformation.on-run-end.0 ....................... [RUN]","logger":"airflow.task.hooks.airflow.providers.standard.hooks.subprocess.SubprocessHook","filename":"subprocess.py","lineno":106}
{"timestamp":"2025-10-11T23:07:01.147284Z","level":"info","event":"\u001b[0m23:07:01  1 of 1 OK hook: olist_dbt_transformation.on-run-end.0 .......................... [\u001b[32mOK\u001b[0m in 0.06s]","logger":"airflow.task.hooks.airflow.providers.standard.hooks.subprocess.SubprocessHook","filename":"subprocess.py","lineno":106}
{"timestamp":"2025-10-11T23:07:04.732831Z","level":"info","event":"\u001b[0m23:07:04","logger":"airflow.task.hooks.airflow.providers.standard.hooks.subprocess.SubprocessHook","filename":"subprocess.py","lineno":106}
{"timestamp":"2025-10-11T23:07:04.746748Z","level":"info","event":"\u001b[0m23:07:04  Finished running 1 incremental model, 3 project hooks in 0 hours 0 minutes and 31.13 seconds (31.13s).","logger":"airflow.task.hooks.airflow.providers.standard.hooks.subprocess.SubprocessHook","filename":"subprocess.py","lineno":106}
{"timestamp":"2025-10-11T23:07:06.313107Z","level":"info","event":"\u001b[0m23:07:06","logger":"airflow.task.hooks.airflow.providers.standard.hooks.subprocess.SubprocessHook","filename":"subprocess.py","lineno":106}
{"timestamp":"2025-10-11T23:07:06.358669Z","level":"info","event":"\u001b[0m23:07:06  \u001b[32mCompleted successfully\u001b[0m","logger":"airflow.task.hooks.airflow.providers.standard.hooks.subprocess.SubprocessHook","filename":"subprocess.py","lineno":106}
{"timestamp":"2025-10-11T23:07:06.383648Z","level":"info","event":"\u001b[0m23:07:06","logger":"airflow.task.hooks.airflow.providers.standard.hooks.subprocess.SubprocessHook","filename":"subprocess.py","lineno":106}
{"timestamp":"2025-10-11T23:07:06.403783Z","level":"info","event":"\u001b[0m23:07:06  Done. PASS=4 WARN=0 ERROR=0 SKIP=0 NO-OP=0 TOTAL=4","logger":"airflow.task.hooks.airflow.providers.standard.hooks.subprocess.SubprocessHook","filename":"subprocess.py","lineno":106}
{"timestamp":"2025-10-11T23:07:11.222675Z","level":"info","event":"Command exited with return code 0","logger":"airflow.task.hooks.airflow.providers.standard.hooks.subprocess.SubprocessHook","filename":"subprocess.py","lineno":110}
{"timestamp":"2025-10-11T23:07:11.247516Z","level":"info","event":"Pushing xcom","ti":"RuntimeTaskInstance(id=UUID('0199d583-d3e6-708b-a371-d1c569d22897'), task_id='staging_layer.run_stg_geolocation', dag_id='olist_production_pipeline', run_id='manual__2025-10-11T23:03:30.436593+00:00', try_number=1, dag_version_id=UUID('0199d584-36fa-729a-997c-bcc1f095e1af'), map_index=-1, hostname='b1435fd4756a', context_carrier={}, task=<Task(BashOperator): staging_layer.run_stg_geolocation>, bundle_instance=LocalDagBundle(name=dags-folder), max_tries=2, start_date=datetime.datetime(2025, 10, 11, 23, 5, 7, 488869, tzinfo=datetime.timezone.utc), end_date=None, state=<TaskInstanceState.RUNNING: 'running'>, is_mapped=False, rendered_map_index=None)","logger":"task","filename":"task_runner.py","lineno":1352}
{"timestamp":"2025-10-11T23:07:11.458038Z","level":"info","event":"Task instance in success state","logger":"task.stdout"}
{"timestamp":"2025-10-11T23:07:11.466570Z","level":"info","event":" Previous state of the Task instance: TaskInstanceState.RUNNING","logger":"task.stdout"}
{"timestamp":"2025-10-11T23:07:11.479166Z","level":"info","event":"Task operator:<Task(BashOperator): staging_layer.run_stg_geolocation>","logger":"task.stdout"}
